{"C:\\Users\\Василий\\dev\\stellar-burgers\\src\\services\\slices\\feedsSlice.ts": {"path":"C:\\Users\\Василий\\dev\\stellar-burgers\\src\\services\\slices\\feedsSlice.ts","all":false,"statementMap":{"0":{"start":{"line":1,"column":0},"end":{"line":1,"column":65}},"1":{"start":{"line":2,"column":0},"end":{"line":2,"column":38}},"2":{"start":{"line":3,"column":0},"end":{"line":3,"column":53}},"3":{"start":{"line":4,"column":0},"end":{"line":4,"column":0}},"4":{"start":{"line":5,"column":0},"end":{"line":5,"column":25}},"5":{"start":{"line":6,"column":0},"end":{"line":6,"column":19}},"6":{"start":{"line":7,"column":0},"end":{"line":7,"column":16}},"7":{"start":{"line":8,"column":0},"end":{"line":8,"column":21}},"8":{"start":{"line":9,"column":0},"end":{"line":9,"column":26}},"9":{"start":{"line":10,"column":0},"end":{"line":10,"column":35}},"10":{"start":{"line":11,"column":0},"end":{"line":11,"column":1}},"11":{"start":{"line":12,"column":0},"end":{"line":12,"column":0}},"12":{"start":{"line":13,"column":0},"end":{"line":13,"column":37}},"13":{"start":{"line":14,"column":0},"end":{"line":14,"column":13}},"14":{"start":{"line":15,"column":0},"end":{"line":15,"column":11}},"15":{"start":{"line":16,"column":0},"end":{"line":16,"column":16}},"16":{"start":{"line":17,"column":0},"end":{"line":17,"column":24}},"17":{"start":{"line":18,"column":0},"end":{"line":18,"column":13}},"18":{"start":{"line":19,"column":0},"end":{"line":19,"column":2}},"19":{"start":{"line":20,"column":0},"end":{"line":20,"column":0}},"20":{"start":{"line":21,"column":0},"end":{"line":21,"column":72}},"21":{"start":{"line":22,"column":0},"end":{"line":22,"column":34}},"22":{"start":{"line":23,"column":0},"end":{"line":23,"column":13}},"23":{"start":{"line":24,"column":0},"end":{"line":24,"column":3}},"24":{"start":{"line":25,"column":0},"end":{"line":25,"column":0}},"25":{"start":{"line":26,"column":0},"end":{"line":26,"column":32}},"26":{"start":{"line":27,"column":0},"end":{"line":27,"column":16}},"27":{"start":{"line":28,"column":0},"end":{"line":28,"column":15}},"28":{"start":{"line":29,"column":0},"end":{"line":29,"column":15}},"29":{"start":{"line":30,"column":0},"end":{"line":30,"column":31}},"30":{"start":{"line":31,"column":0},"end":{"line":31,"column":11}},"31":{"start":{"line":32,"column":0},"end":{"line":32,"column":45}},"32":{"start":{"line":33,"column":0},"end":{"line":33,"column":36}},"33":{"start":{"line":34,"column":0},"end":{"line":34,"column":27}},"34":{"start":{"line":35,"column":0},"end":{"line":35,"column":8}},"35":{"start":{"line":36,"column":0},"end":{"line":36,"column":54}},"36":{"start":{"line":37,"column":0},"end":{"line":37,"column":37}},"37":{"start":{"line":38,"column":0},"end":{"line":38,"column":43}},"38":{"start":{"line":39,"column":0},"end":{"line":39,"column":28}},"39":{"start":{"line":40,"column":0},"end":{"line":40,"column":8}},"40":{"start":{"line":41,"column":0},"end":{"line":41,"column":55}},"41":{"start":{"line":42,"column":0},"end":{"line":42,"column":37}},"42":{"start":{"line":43,"column":0},"end":{"line":43,"column":59}},"43":{"start":{"line":44,"column":0},"end":{"line":44,"column":30}},"44":{"start":{"line":45,"column":0},"end":{"line":45,"column":28}},"45":{"start":{"line":46,"column":0},"end":{"line":46,"column":38}},"46":{"start":{"line":47,"column":0},"end":{"line":47,"column":9}},"47":{"start":{"line":48,"column":0},"end":{"line":48,"column":4}},"48":{"start":{"line":49,"column":0},"end":{"line":49,"column":14}},"49":{"start":{"line":50,"column":0},"end":{"line":50,"column":42}},"50":{"start":{"line":51,"column":0},"end":{"line":51,"column":58}},"51":{"start":{"line":52,"column":0},"end":{"line":52,"column":40}},"52":{"start":{"line":53,"column":0},"end":{"line":53,"column":49}},"53":{"start":{"line":54,"column":0},"end":{"line":54,"column":3}},"54":{"start":{"line":55,"column":0},"end":{"line":55,"column":3}},"55":{"start":{"line":56,"column":0},"end":{"line":56,"column":0}},"56":{"start":{"line":57,"column":0},"end":{"line":57,"column":47}},"57":{"start":{"line":58,"column":0},"end":{"line":58,"column":14}},"58":{"start":{"line":59,"column":0},"end":{"line":59,"column":15}},"59":{"start":{"line":60,"column":0},"end":{"line":60,"column":23}},"60":{"start":{"line":61,"column":0},"end":{"line":61,"column":14}},"61":{"start":{"line":62,"column":0},"end":{"line":62,"column":18}},"62":{"start":{"line":63,"column":0},"end":{"line":63,"column":25}}},"s":{"0":1,"1":1,"2":1,"3":1,"4":1,"5":1,"6":1,"7":1,"8":1,"9":1,"10":1,"11":1,"12":1,"13":1,"14":1,"15":1,"16":1,"17":1,"18":1,"19":1,"20":1,"21":2,"22":2,"23":1,"24":1,"25":1,"26":1,"27":1,"28":1,"29":1,"30":4,"31":4,"32":2,"33":2,"34":4,"35":4,"36":1,"37":1,"38":1,"39":4,"40":4,"41":1,"42":1,"43":1,"44":1,"45":1,"46":4,"47":1,"48":1,"49":1,"50":1,"51":1,"52":1,"53":1,"54":1,"55":1,"56":1,"57":1,"58":1,"59":1,"60":1,"61":1,"62":1},"branchMap":{"0":{"type":"branch","line":21,"loc":{"start":{"line":21,"column":59},"end":{"line":24,"column":2}},"locations":[{"start":{"line":21,"column":59},"end":{"line":24,"column":2}}]},"1":{"type":"branch","line":21,"loc":{"start":{"line":21,"column":59},"end":{"line":24,"column":2}},"locations":[{"start":{"line":21,"column":59},"end":{"line":24,"column":2}}]},"2":{"type":"branch","line":22,"loc":{"start":{"line":22,"column":14},"end":{"line":22,"column":34}},"locations":[{"start":{"line":22,"column":14},"end":{"line":22,"column":34}}]},"3":{"type":"branch","line":30,"loc":{"start":{"line":30,"column":17},"end":{"line":48,"column":3}},"locations":[{"start":{"line":30,"column":17},"end":{"line":48,"column":3}}]},"4":{"type":"branch","line":32,"loc":{"start":{"line":32,"column":33},"end":{"line":35,"column":7}},"locations":[{"start":{"line":32,"column":33},"end":{"line":35,"column":7}}]},"5":{"type":"branch","line":36,"loc":{"start":{"line":36,"column":34},"end":{"line":40,"column":7}},"locations":[{"start":{"line":36,"column":34},"end":{"line":40,"column":7}}]},"6":{"type":"branch","line":41,"loc":{"start":{"line":41,"column":35},"end":{"line":47,"column":7}},"locations":[{"start":{"line":41,"column":35},"end":{"line":47,"column":7}}]},"7":{"type":"branch","line":50,"loc":{"start":{"line":50,"column":18},"end":{"line":50,"column":34}},"locations":[{"start":{"line":50,"column":18},"end":{"line":50,"column":34}}]},"8":{"type":"branch","line":51,"loc":{"start":{"line":51,"column":26},"end":{"line":51,"column":42}},"locations":[{"start":{"line":51,"column":26},"end":{"line":51,"column":42}}]},"9":{"type":"branch","line":52,"loc":{"start":{"line":52,"column":17},"end":{"line":52,"column":33}},"locations":[{"start":{"line":52,"column":17},"end":{"line":52,"column":33}}]},"10":{"type":"branch","line":53,"loc":{"start":{"line":53,"column":22},"end":{"line":53,"column":38}},"locations":[{"start":{"line":53,"column":22},"end":{"line":53,"column":38}}]}},"b":{"0":[2],"1":[2],"2":[2],"3":[4],"4":[2],"5":[1],"6":[1],"7":[1],"8":[1],"9":[1],"10":[1]},"fnMap":{"0":{"name":"extraReducers","decl":{"start":{"line":30,"column":17},"end":{"line":48,"column":3}},"loc":{"start":{"line":30,"column":17},"end":{"line":48,"column":3}},"line":30},"1":{"name":"selectOrders","decl":{"start":{"line":50,"column":18},"end":{"line":50,"column":34}},"loc":{"start":{"line":50,"column":18},"end":{"line":50,"column":34}},"line":50},"2":{"name":"selectIsLoadingFeeds","decl":{"start":{"line":51,"column":26},"end":{"line":51,"column":42}},"loc":{"start":{"line":51,"column":26},"end":{"line":51,"column":42}},"line":51},"3":{"name":"selectTotal","decl":{"start":{"line":52,"column":17},"end":{"line":52,"column":33}},"loc":{"start":{"line":52,"column":17},"end":{"line":52,"column":33}},"line":52},"4":{"name":"selectTotalToday","decl":{"start":{"line":53,"column":22},"end":{"line":53,"column":38}},"loc":{"start":{"line":53,"column":22},"end":{"line":53,"column":38}},"line":53}},"f":{"0":4,"1":1,"2":1,"3":1,"4":1}}
,"C:\\Users\\Василий\\dev\\stellar-burgers\\src\\services\\slices\\ingredientsSlice.ts": {"path":"C:\\Users\\Василий\\dev\\stellar-burgers\\src\\services\\slices\\ingredientsSlice.ts","all":false,"statementMap":{"0":{"start":{"line":1,"column":0},"end":{"line":1,"column":65}},"1":{"start":{"line":2,"column":0},"end":{"line":2,"column":59}},"2":{"start":{"line":3,"column":0},"end":{"line":3,"column":48}},"3":{"start":{"line":4,"column":0},"end":{"line":4,"column":0}},"4":{"start":{"line":5,"column":0},"end":{"line":5,"column":39}},"5":{"start":{"line":6,"column":0},"end":{"line":6,"column":29}},"6":{"start":{"line":7,"column":0},"end":{"line":7,"column":32}},"7":{"start":{"line":8,"column":0},"end":{"line":8,"column":35}},"8":{"start":{"line":9,"column":0},"end":{"line":9,"column":1}},"9":{"start":{"line":10,"column":0},"end":{"line":10,"column":0}},"10":{"start":{"line":11,"column":0},"end":{"line":11,"column":44}},"11":{"start":{"line":12,"column":0},"end":{"line":12,"column":18}},"12":{"start":{"line":13,"column":0},"end":{"line":13,"column":30}},"13":{"start":{"line":14,"column":0},"end":{"line":14,"column":13}},"14":{"start":{"line":15,"column":0},"end":{"line":15,"column":2}},"15":{"start":{"line":16,"column":0},"end":{"line":16,"column":0}},"16":{"start":{"line":17,"column":0},"end":{"line":17,"column":68}},"17":{"start":{"line":18,"column":0},"end":{"line":18,"column":31}},"18":{"start":{"line":19,"column":0},"end":{"line":19,"column":15}},"19":{"start":{"line":20,"column":0},"end":{"line":20,"column":42}},"20":{"start":{"line":21,"column":0},"end":{"line":21,"column":15}},"21":{"start":{"line":22,"column":0},"end":{"line":22,"column":3}},"22":{"start":{"line":23,"column":0},"end":{"line":23,"column":2}},"23":{"start":{"line":24,"column":0},"end":{"line":24,"column":0}},"24":{"start":{"line":25,"column":0},"end":{"line":25,"column":38}},"25":{"start":{"line":26,"column":0},"end":{"line":26,"column":22}},"26":{"start":{"line":27,"column":0},"end":{"line":27,"column":15}},"27":{"start":{"line":28,"column":0},"end":{"line":28,"column":15}},"28":{"start":{"line":29,"column":0},"end":{"line":29,"column":31}},"29":{"start":{"line":30,"column":0},"end":{"line":30,"column":11}},"30":{"start":{"line":31,"column":0},"end":{"line":31,"column":51}},"31":{"start":{"line":32,"column":0},"end":{"line":32,"column":42}},"32":{"start":{"line":33,"column":0},"end":{"line":33,"column":27}},"33":{"start":{"line":34,"column":0},"end":{"line":34,"column":8}},"34":{"start":{"line":35,"column":0},"end":{"line":35,"column":60}},"35":{"start":{"line":36,"column":0},"end":{"line":36,"column":43}},"36":{"start":{"line":37,"column":0},"end":{"line":37,"column":43}},"37":{"start":{"line":38,"column":0},"end":{"line":38,"column":8}},"38":{"start":{"line":39,"column":0},"end":{"line":39,"column":61}},"39":{"start":{"line":40,"column":0},"end":{"line":40,"column":43}},"40":{"start":{"line":41,"column":0},"end":{"line":41,"column":43}},"41":{"start":{"line":42,"column":0},"end":{"line":42,"column":9}},"42":{"start":{"line":43,"column":0},"end":{"line":43,"column":4}},"43":{"start":{"line":44,"column":0},"end":{"line":44,"column":14}},"44":{"start":{"line":45,"column":0},"end":{"line":45,"column":52}},"45":{"start":{"line":46,"column":0},"end":{"line":46,"column":69}},"46":{"start":{"line":47,"column":0},"end":{"line":47,"column":3}},"47":{"start":{"line":48,"column":0},"end":{"line":48,"column":3}},"48":{"start":{"line":49,"column":0},"end":{"line":49,"column":0}},"49":{"start":{"line":50,"column":0},"end":{"line":50,"column":59}},"50":{"start":{"line":51,"column":0},"end":{"line":51,"column":64}},"51":{"start":{"line":52,"column":0},"end":{"line":52,"column":29}}},"s":{"0":1,"1":1,"2":1,"3":1,"4":1,"5":1,"6":1,"7":1,"8":1,"9":1,"10":1,"11":1,"12":1,"13":1,"14":1,"15":1,"16":1,"17":1,"18":1,"19":2,"20":2,"21":2,"22":1,"23":1,"24":1,"25":1,"26":1,"27":1,"28":1,"29":4,"30":4,"31":2,"32":2,"33":4,"34":4,"35":1,"36":1,"37":4,"38":4,"39":1,"40":1,"41":4,"42":1,"43":1,"44":1,"45":1,"46":1,"47":1,"48":1,"49":1,"50":1,"51":1},"branchMap":{"0":{"type":"branch","line":19,"loc":{"start":{"line":19,"column":2},"end":{"line":22,"column":3}},"locations":[{"start":{"line":19,"column":2},"end":{"line":22,"column":3}}]},"1":{"type":"branch","line":19,"loc":{"start":{"line":19,"column":2},"end":{"line":22,"column":3}},"locations":[{"start":{"line":19,"column":2},"end":{"line":22,"column":3}}]},"2":{"type":"branch","line":20,"loc":{"start":{"line":20,"column":16},"end":{"line":20,"column":42}},"locations":[{"start":{"line":20,"column":16},"end":{"line":20,"column":42}}]},"3":{"type":"branch","line":29,"loc":{"start":{"line":29,"column":17},"end":{"line":43,"column":3}},"locations":[{"start":{"line":29,"column":17},"end":{"line":43,"column":3}}]},"4":{"type":"branch","line":31,"loc":{"start":{"line":31,"column":39},"end":{"line":34,"column":7}},"locations":[{"start":{"line":31,"column":39},"end":{"line":34,"column":7}}]},"5":{"type":"branch","line":35,"loc":{"start":{"line":35,"column":40},"end":{"line":38,"column":7}},"locations":[{"start":{"line":35,"column":40},"end":{"line":38,"column":7}}]},"6":{"type":"branch","line":39,"loc":{"start":{"line":39,"column":41},"end":{"line":42,"column":7}},"locations":[{"start":{"line":39,"column":41},"end":{"line":42,"column":7}}]},"7":{"type":"branch","line":45,"loc":{"start":{"line":45,"column":23},"end":{"line":45,"column":39}},"locations":[{"start":{"line":45,"column":23},"end":{"line":45,"column":39}}]},"8":{"type":"branch","line":46,"loc":{"start":{"line":46,"column":32},"end":{"line":46,"column":48}},"locations":[{"start":{"line":46,"column":32},"end":{"line":46,"column":48}}]}},"b":{"0":[2],"1":[2],"2":[2],"3":[4],"4":[2],"5":[1],"6":[1],"7":[1],"8":[1]},"fnMap":{"0":{"name":"extraReducers","decl":{"start":{"line":29,"column":17},"end":{"line":43,"column":3}},"loc":{"start":{"line":29,"column":17},"end":{"line":43,"column":3}},"line":29},"1":{"name":"selectIngredients","decl":{"start":{"line":45,"column":23},"end":{"line":45,"column":39}},"loc":{"start":{"line":45,"column":23},"end":{"line":45,"column":39}},"line":45},"2":{"name":"selectIsLoadingIngredients","decl":{"start":{"line":46,"column":32},"end":{"line":46,"column":48}},"loc":{"start":{"line":46,"column":32},"end":{"line":46,"column":48}},"line":46}},"f":{"0":4,"1":1,"2":1}}
,"C:\\Users\\Василий\\dev\\stellar-burgers\\src\\services\\slices\\ordersSlice.tsx": {"path":"C:\\Users\\Василий\\dev\\stellar-burgers\\src\\services\\slices\\ordersSlice.tsx","all":false,"statementMap":{"0":{"start":{"line":1,"column":0},"end":{"line":1,"column":80}},"1":{"start":{"line":2,"column":0},"end":{"line":2,"column":75}},"2":{"start":{"line":3,"column":0},"end":{"line":3,"column":70}},"3":{"start":{"line":4,"column":0},"end":{"line":4,"column":0}},"4":{"start":{"line":5,"column":0},"end":{"line":5,"column":30}},"5":{"start":{"line":6,"column":0},"end":{"line":6,"column":21}},"6":{"start":{"line":7,"column":0},"end":{"line":7,"column":28}},"7":{"start":{"line":8,"column":0},"end":{"line":8,"column":42}},"8":{"start":{"line":9,"column":0},"end":{"line":9,"column":4}},"9":{"start":{"line":10,"column":0},"end":{"line":10,"column":23}},"10":{"start":{"line":11,"column":0},"end":{"line":11,"column":24}},"11":{"start":{"line":12,"column":0},"end":{"line":12,"column":32}},"12":{"start":{"line":13,"column":0},"end":{"line":13,"column":27}},"13":{"start":{"line":14,"column":0},"end":{"line":14,"column":35}},"14":{"start":{"line":15,"column":0},"end":{"line":15,"column":1}},"15":{"start":{"line":16,"column":0},"end":{"line":16,"column":0}},"16":{"start":{"line":17,"column":0},"end":{"line":17,"column":42}},"17":{"start":{"line":18,"column":0},"end":{"line":18,"column":21}},"18":{"start":{"line":19,"column":0},"end":{"line":19,"column":14}},"19":{"start":{"line":20,"column":0},"end":{"line":20,"column":19}},"20":{"start":{"line":21,"column":0},"end":{"line":21,"column":4}},"21":{"start":{"line":22,"column":0},"end":{"line":22,"column":17}},"22":{"start":{"line":23,"column":0},"end":{"line":23,"column":22}},"23":{"start":{"line":24,"column":0},"end":{"line":24,"column":23}},"24":{"start":{"line":25,"column":0},"end":{"line":25,"column":25}},"25":{"start":{"line":26,"column":0},"end":{"line":26,"column":13}},"26":{"start":{"line":27,"column":0},"end":{"line":27,"column":2}},"27":{"start":{"line":28,"column":0},"end":{"line":28,"column":0}},"28":{"start":{"line":29,"column":0},"end":{"line":29,"column":80}},"29":{"start":{"line":30,"column":0},"end":{"line":30,"column":35}},"30":{"start":{"line":31,"column":0},"end":{"line":31,"column":13}},"31":{"start":{"line":32,"column":0},"end":{"line":32,"column":3}},"32":{"start":{"line":33,"column":0},"end":{"line":33,"column":0}},"33":{"start":{"line":34,"column":0},"end":{"line":34,"column":44}},"34":{"start":{"line":35,"column":0},"end":{"line":35,"column":23}},"35":{"start":{"line":36,"column":0},"end":{"line":36,"column":29}},"36":{"start":{"line":37,"column":0},"end":{"line":37,"column":43}},"37":{"start":{"line":38,"column":0},"end":{"line":38,"column":15}},"38":{"start":{"line":39,"column":0},"end":{"line":39,"column":3}},"39":{"start":{"line":40,"column":0},"end":{"line":40,"column":2}},"40":{"start":{"line":41,"column":0},"end":{"line":41,"column":0}},"41":{"start":{"line":42,"column":0},"end":{"line":42,"column":33}},"42":{"start":{"line":43,"column":0},"end":{"line":43,"column":17}},"43":{"start":{"line":44,"column":0},"end":{"line":44,"column":15}},"44":{"start":{"line":45,"column":0},"end":{"line":45,"column":13}},"45":{"start":{"line":46,"column":0},"end":{"line":46,"column":67}},"46":{"start":{"line":47,"column":0},"end":{"line":47,"column":50}},"47":{"start":{"line":48,"column":0},"end":{"line":48,"column":6}},"48":{"start":{"line":49,"column":0},"end":{"line":49,"column":74}},"49":{"start":{"line":50,"column":0},"end":{"line":50,"column":67}},"50":{"start":{"line":51,"column":0},"end":{"line":51,"column":47}},"51":{"start":{"line":52,"column":0},"end":{"line":52,"column":26}},"52":{"start":{"line":53,"column":0},"end":{"line":53,"column":10}},"53":{"start":{"line":54,"column":0},"end":{"line":54,"column":9}},"54":{"start":{"line":55,"column":0},"end":{"line":55,"column":6}},"55":{"start":{"line":56,"column":0},"end":{"line":56,"column":70}},"56":{"start":{"line":57,"column":0},"end":{"line":57,"column":35}},"57":{"start":{"line":58,"column":0},"end":{"line":58,"column":61}},"58":{"start":{"line":59,"column":0},"end":{"line":59,"column":51}},"59":{"start":{"line":60,"column":0},"end":{"line":60,"column":57}},"60":{"start":{"line":61,"column":0},"end":{"line":61,"column":28}},"61":{"start":{"line":62,"column":0},"end":{"line":62,"column":8}},"62":{"start":{"line":63,"column":0},"end":{"line":63,"column":55}},"63":{"start":{"line":64,"column":0},"end":{"line":64,"column":16}},"64":{"start":{"line":65,"column":0},"end":{"line":65,"column":34}},"65":{"start":{"line":66,"column":0},"end":{"line":66,"column":8}},"66":{"start":{"line":67,"column":0},"end":{"line":67,"column":6}},"67":{"start":{"line":68,"column":0},"end":{"line":68,"column":68}},"68":{"start":{"line":69,"column":0},"end":{"line":69,"column":35}},"69":{"start":{"line":70,"column":0},"end":{"line":70,"column":61}},"70":{"start":{"line":71,"column":0},"end":{"line":71,"column":51}},"71":{"start":{"line":72,"column":0},"end":{"line":72,"column":57}},"72":{"start":{"line":73,"column":0},"end":{"line":73,"column":28}},"73":{"start":{"line":74,"column":0},"end":{"line":74,"column":8}},"74":{"start":{"line":75,"column":0},"end":{"line":75,"column":55}},"75":{"start":{"line":76,"column":0},"end":{"line":76,"column":16}},"76":{"start":{"line":77,"column":0},"end":{"line":77,"column":34}},"77":{"start":{"line":78,"column":0},"end":{"line":78,"column":8}},"78":{"start":{"line":79,"column":0},"end":{"line":79,"column":6}},"79":{"start":{"line":80,"column":0},"end":{"line":80,"column":72}},"80":{"start":{"line":81,"column":0},"end":{"line":81,"column":42}},"81":{"start":{"line":82,"column":0},"end":{"line":82,"column":50}},"82":{"start":{"line":83,"column":0},"end":{"line":83,"column":46}},"83":{"start":{"line":84,"column":0},"end":{"line":84,"column":10}},"84":{"start":{"line":85,"column":0},"end":{"line":85,"column":6}},"85":{"start":{"line":86,"column":0},"end":{"line":86,"column":39}},"86":{"start":{"line":87,"column":0},"end":{"line":87,"column":4}},"87":{"start":{"line":88,"column":0},"end":{"line":88,"column":31}},"88":{"start":{"line":89,"column":0},"end":{"line":89,"column":11}},"89":{"start":{"line":90,"column":0},"end":{"line":90,"column":48}},"90":{"start":{"line":91,"column":0},"end":{"line":91,"column":34}},"91":{"start":{"line":92,"column":0},"end":{"line":92,"column":27}},"92":{"start":{"line":93,"column":0},"end":{"line":93,"column":8}},"93":{"start":{"line":94,"column":0},"end":{"line":94,"column":57}},"94":{"start":{"line":95,"column":0},"end":{"line":95,"column":35}},"95":{"start":{"line":96,"column":0},"end":{"line":96,"column":43}},"96":{"start":{"line":97,"column":0},"end":{"line":97,"column":8}},"97":{"start":{"line":98,"column":0},"end":{"line":98,"column":58}},"98":{"start":{"line":99,"column":0},"end":{"line":99,"column":35}},"99":{"start":{"line":100,"column":0},"end":{"line":100,"column":52}},"100":{"start":{"line":101,"column":0},"end":{"line":101,"column":8}},"101":{"start":{"line":102,"column":0},"end":{"line":102,"column":50}},"102":{"start":{"line":103,"column":0},"end":{"line":103,"column":37}},"103":{"start":{"line":104,"column":0},"end":{"line":104,"column":27}},"104":{"start":{"line":105,"column":0},"end":{"line":105,"column":8}},"105":{"start":{"line":106,"column":0},"end":{"line":106,"column":59}},"106":{"start":{"line":107,"column":0},"end":{"line":107,"column":38}},"107":{"start":{"line":108,"column":0},"end":{"line":108,"column":43}},"108":{"start":{"line":109,"column":0},"end":{"line":109,"column":8}},"109":{"start":{"line":110,"column":0},"end":{"line":110,"column":60}},"110":{"start":{"line":111,"column":0},"end":{"line":111,"column":38}},"111":{"start":{"line":112,"column":0},"end":{"line":112,"column":42}},"112":{"start":{"line":113,"column":0},"end":{"line":113,"column":9}},"113":{"start":{"line":114,"column":0},"end":{"line":114,"column":4}},"114":{"start":{"line":115,"column":0},"end":{"line":115,"column":14}},"115":{"start":{"line":116,"column":0},"end":{"line":116,"column":50}},"116":{"start":{"line":117,"column":0},"end":{"line":117,"column":62}},"117":{"start":{"line":118,"column":0},"end":{"line":118,"column":58}},"118":{"start":{"line":119,"column":0},"end":{"line":119,"column":54}},"119":{"start":{"line":120,"column":0},"end":{"line":120,"column":59}},"120":{"start":{"line":121,"column":0},"end":{"line":121,"column":3}},"121":{"start":{"line":122,"column":0},"end":{"line":122,"column":3}},"122":{"start":{"line":123,"column":0},"end":{"line":123,"column":0}},"123":{"start":{"line":124,"column":0},"end":{"line":124,"column":49}},"124":{"start":{"line":125,"column":0},"end":{"line":125,"column":14}},"125":{"start":{"line":126,"column":0},"end":{"line":126,"column":19}},"126":{"start":{"line":127,"column":0},"end":{"line":127,"column":24}},"127":{"start":{"line":128,"column":0},"end":{"line":128,"column":25}},"128":{"start":{"line":129,"column":0},"end":{"line":129,"column":21}},"129":{"start":{"line":130,"column":0},"end":{"line":130,"column":22}},"130":{"start":{"line":131,"column":0},"end":{"line":131,"column":26}},"131":{"start":{"line":132,"column":0},"end":{"line":132,"column":0}},"132":{"start":{"line":133,"column":0},"end":{"line":133,"column":14}},"133":{"start":{"line":134,"column":0},"end":{"line":134,"column":16}},"134":{"start":{"line":135,"column":0},"end":{"line":135,"column":23}},"135":{"start":{"line":136,"column":0},"end":{"line":136,"column":24}},"136":{"start":{"line":137,"column":0},"end":{"line":137,"column":22}},"137":{"start":{"line":138,"column":0},"end":{"line":138,"column":26}},"138":{"start":{"line":139,"column":0},"end":{"line":139,"column":12}},"139":{"start":{"line":140,"column":0},"end":{"line":140,"column":24}}},"s":{"0":1,"1":1,"2":1,"3":1,"4":1,"5":1,"6":1,"7":1,"8":1,"9":1,"10":1,"11":1,"12":1,"13":1,"14":1,"15":1,"16":1,"17":1,"18":1,"19":1,"20":1,"21":1,"22":1,"23":1,"24":1,"25":1,"26":1,"27":1,"28":1,"29":2,"30":2,"31":1,"32":1,"33":1,"34":1,"35":1,"36":2,"37":2,"38":2,"39":1,"40":1,"41":1,"42":1,"43":1,"44":1,"45":1,"46":1,"47":1,"48":1,"49":3,"50":3,"51":3,"52":3,"53":3,"54":1,"55":1,"56":1,"57":1,"58":1,"59":1,"60":1,"61":1,"62":1,"63":1,"64":1,"65":1,"66":1,"67":1,"68":1,"69":1,"70":1,"71":1,"72":1,"73":1,"74":1,"75":1,"76":1,"77":1,"78":1,"79":1,"80":0,"81":0,"82":0,"83":0,"84":1,"85":1,"86":1,"87":1,"88":4,"89":4,"90":2,"91":2,"92":4,"93":4,"94":1,"95":1,"96":4,"97":4,"98":1,"99":1,"100":4,"101":4,"102":2,"103":2,"104":4,"105":4,"106":1,"107":1,"108":4,"109":4,"110":1,"111":1,"112":4,"113":1,"114":1,"115":1,"116":1,"117":1,"118":1,"119":1,"120":1,"121":1,"122":1,"123":1,"124":1,"125":1,"126":1,"127":1,"128":1,"129":1,"130":1,"131":1,"132":1,"133":1,"134":1,"135":1,"136":1,"137":1,"138":1,"139":1},"branchMap":{"0":{"type":"branch","line":29,"loc":{"start":{"line":29,"column":67},"end":{"line":32,"column":2}},"locations":[{"start":{"line":29,"column":67},"end":{"line":32,"column":2}}]},"1":{"type":"branch","line":29,"loc":{"start":{"line":29,"column":67},"end":{"line":32,"column":2}},"locations":[{"start":{"line":29,"column":67},"end":{"line":32,"column":2}}]},"2":{"type":"branch","line":30,"loc":{"start":{"line":30,"column":14},"end":{"line":30,"column":35}},"locations":[{"start":{"line":30,"column":14},"end":{"line":30,"column":35}}]},"3":{"type":"branch","line":36,"loc":{"start":{"line":36,"column":2},"end":{"line":39,"column":3}},"locations":[{"start":{"line":36,"column":2},"end":{"line":39,"column":3}}]},"4":{"type":"branch","line":36,"loc":{"start":{"line":36,"column":23},"end":{"line":39,"column":3}},"locations":[{"start":{"line":36,"column":23},"end":{"line":39,"column":3}}]},"5":{"type":"branch","line":37,"loc":{"start":{"line":37,"column":16},"end":{"line":37,"column":43}},"locations":[{"start":{"line":37,"column":16},"end":{"line":37,"column":43}}]},"6":{"type":"branch","line":46,"loc":{"start":{"line":46,"column":19},"end":{"line":48,"column":5}},"locations":[{"start":{"line":46,"column":19},"end":{"line":48,"column":5}}]},"7":{"type":"branch","line":49,"loc":{"start":{"line":49,"column":26},"end":{"line":55,"column":5}},"locations":[{"start":{"line":49,"column":26},"end":{"line":55,"column":5}}]},"8":{"type":"branch","line":56,"loc":{"start":{"line":56,"column":27},"end":{"line":67,"column":5}},"locations":[{"start":{"line":56,"column":27},"end":{"line":67,"column":5}}]},"9":{"type":"branch","line":68,"loc":{"start":{"line":68,"column":25},"end":{"line":79,"column":5}},"locations":[{"start":{"line":68,"column":25},"end":{"line":79,"column":5}}]},"10":{"type":"branch","line":86,"loc":{"start":{"line":86,"column":16},"end":{"line":86,"column":39}},"locations":[{"start":{"line":86,"column":16},"end":{"line":86,"column":39}}]},"11":{"type":"branch","line":88,"loc":{"start":{"line":88,"column":17},"end":{"line":114,"column":3}},"locations":[{"start":{"line":88,"column":17},"end":{"line":114,"column":3}}]},"12":{"type":"branch","line":90,"loc":{"start":{"line":90,"column":36},"end":{"line":93,"column":7}},"locations":[{"start":{"line":90,"column":36},"end":{"line":93,"column":7}}]},"13":{"type":"branch","line":94,"loc":{"start":{"line":94,"column":37},"end":{"line":97,"column":7}},"locations":[{"start":{"line":94,"column":37},"end":{"line":97,"column":7}}]},"14":{"type":"branch","line":98,"loc":{"start":{"line":98,"column":38},"end":{"line":101,"column":7}},"locations":[{"start":{"line":98,"column":38},"end":{"line":101,"column":7}}]},"15":{"type":"branch","line":102,"loc":{"start":{"line":102,"column":38},"end":{"line":105,"column":7}},"locations":[{"start":{"line":102,"column":38},"end":{"line":105,"column":7}}]},"16":{"type":"branch","line":106,"loc":{"start":{"line":106,"column":39},"end":{"line":109,"column":7}},"locations":[{"start":{"line":106,"column":39},"end":{"line":109,"column":7}}]},"17":{"type":"branch","line":110,"loc":{"start":{"line":110,"column":40},"end":{"line":113,"column":7}},"locations":[{"start":{"line":110,"column":40},"end":{"line":113,"column":7}}]},"18":{"type":"branch","line":116,"loc":{"start":{"line":116,"column":22},"end":{"line":116,"column":38}},"locations":[{"start":{"line":116,"column":22},"end":{"line":116,"column":38}}]},"19":{"type":"branch","line":117,"loc":{"start":{"line":117,"column":28},"end":{"line":117,"column":44}},"locations":[{"start":{"line":117,"column":28},"end":{"line":117,"column":44}}]},"20":{"type":"branch","line":118,"loc":{"start":{"line":118,"column":26},"end":{"line":118,"column":42}},"locations":[{"start":{"line":118,"column":26},"end":{"line":118,"column":42}}]},"21":{"type":"branch","line":119,"loc":{"start":{"line":119,"column":24},"end":{"line":119,"column":40}},"locations":[{"start":{"line":119,"column":24},"end":{"line":119,"column":40}}]},"22":{"type":"branch","line":120,"loc":{"start":{"line":120,"column":27},"end":{"line":120,"column":43}},"locations":[{"start":{"line":120,"column":27},"end":{"line":120,"column":43}}]}},"b":{"0":[2],"1":[2],"2":[2],"3":[2],"4":[2],"5":[2],"6":[1],"7":[3],"8":[1],"9":[1],"10":[1],"11":[4],"12":[2],"13":[1],"14":[1],"15":[2],"16":[1],"17":[1],"18":[1],"19":[1],"20":[1],"21":[1],"22":[1]},"fnMap":{"0":{"name":"addBunInOrder","decl":{"start":{"line":46,"column":19},"end":{"line":48,"column":5}},"loc":{"start":{"line":46,"column":19},"end":{"line":48,"column":5}},"line":46},"1":{"name":"addIngredientInOrder","decl":{"start":{"line":49,"column":26},"end":{"line":55,"column":5}},"loc":{"start":{"line":49,"column":26},"end":{"line":55,"column":5}},"line":49},"2":{"name":"downIngredientInOrder","decl":{"start":{"line":56,"column":27},"end":{"line":67,"column":5}},"loc":{"start":{"line":56,"column":27},"end":{"line":67,"column":5}},"line":56},"3":{"name":"upIngredientInOrder","decl":{"start":{"line":68,"column":25},"end":{"line":79,"column":5}},"loc":{"start":{"line":68,"column":25},"end":{"line":79,"column":5}},"line":68},"4":{"name":"removeIngredientInOrder","decl":{"start":{"line":80,"column":29},"end":{"line":85,"column":5}},"loc":{"start":{"line":80,"column":29},"end":{"line":85,"column":5}},"line":80},"5":{"name":"resetOrder","decl":{"start":{"line":86,"column":16},"end":{"line":86,"column":39}},"loc":{"start":{"line":86,"column":16},"end":{"line":86,"column":39}},"line":86},"6":{"name":"extraReducers","decl":{"start":{"line":88,"column":17},"end":{"line":114,"column":3}},"loc":{"start":{"line":88,"column":17},"end":{"line":114,"column":3}},"line":88},"7":{"name":"selectUserOrders","decl":{"start":{"line":116,"column":22},"end":{"line":116,"column":38}},"loc":{"start":{"line":116,"column":22},"end":{"line":116,"column":38}},"line":116},"8":{"name":"selectConstructorItems","decl":{"start":{"line":117,"column":28},"end":{"line":117,"column":44}},"loc":{"start":{"line":117,"column":28},"end":{"line":117,"column":44}},"line":117},"9":{"name":"selectOrderModalData","decl":{"start":{"line":118,"column":26},"end":{"line":118,"column":42}},"loc":{"start":{"line":118,"column":26},"end":{"line":118,"column":42}},"line":118},"10":{"name":"selectOrderRequest","decl":{"start":{"line":119,"column":24},"end":{"line":119,"column":40}},"loc":{"start":{"line":119,"column":24},"end":{"line":119,"column":40}},"line":119},"11":{"name":"selectIsOrdersLoading","decl":{"start":{"line":120,"column":27},"end":{"line":120,"column":43}},"loc":{"start":{"line":120,"column":27},"end":{"line":120,"column":43}},"line":120}},"f":{"0":1,"1":3,"2":1,"3":1,"4":0,"5":1,"6":4,"7":1,"8":1,"9":1,"10":1,"11":1}}
,"C:\\Users\\Василий\\dev\\stellar-burgers\\src\\services\\slices\\userSlice.ts": {"path":"C:\\Users\\Василий\\dev\\stellar-burgers\\src\\services\\slices\\userSlice.ts","all":false,"statementMap":{"0":{"start":{"line":1,"column":0},"end":{"line":1,"column":65}},"1":{"start":{"line":2,"column":0},"end":{"line":2,"column":37}},"2":{"start":{"line":3,"column":0},"end":{"line":3,"column":8}},"3":{"start":{"line":4,"column":0},"end":{"line":4,"column":13}},"4":{"start":{"line":5,"column":0},"end":{"line":5,"column":15}},"5":{"start":{"line":6,"column":0},"end":{"line":6,"column":12}},"6":{"start":{"line":7,"column":0},"end":{"line":7,"column":18}},"7":{"start":{"line":8,"column":0},"end":{"line":8,"column":13}},"8":{"start":{"line":9,"column":0},"end":{"line":9,"column":16}},"9":{"start":{"line":10,"column":0},"end":{"line":10,"column":15}},"10":{"start":{"line":11,"column":0},"end":{"line":11,"column":32}},"11":{"start":{"line":12,"column":0},"end":{"line":12,"column":61}},"12":{"start":{"line":13,"column":0},"end":{"line":13,"column":0}},"13":{"start":{"line":14,"column":0},"end":{"line":14,"column":25}},"14":{"start":{"line":15,"column":0},"end":{"line":15,"column":14}},"15":{"start":{"line":16,"column":0},"end":{"line":16,"column":25}},"16":{"start":{"line":17,"column":0},"end":{"line":17,"column":25}},"17":{"start":{"line":18,"column":0},"end":{"line":18,"column":27}},"18":{"start":{"line":19,"column":0},"end":{"line":19,"column":33}},"19":{"start":{"line":20,"column":0},"end":{"line":20,"column":35}},"20":{"start":{"line":21,"column":0},"end":{"line":21,"column":1}},"21":{"start":{"line":22,"column":0},"end":{"line":22,"column":0}},"22":{"start":{"line":23,"column":0},"end":{"line":23,"column":37}},"23":{"start":{"line":24,"column":0},"end":{"line":24,"column":32}},"24":{"start":{"line":25,"column":0},"end":{"line":25,"column":23}},"25":{"start":{"line":26,"column":0},"end":{"line":26,"column":25}},"26":{"start":{"line":27,"column":0},"end":{"line":27,"column":23}},"27":{"start":{"line":28,"column":0},"end":{"line":28,"column":31}},"28":{"start":{"line":29,"column":0},"end":{"line":29,"column":13}},"29":{"start":{"line":30,"column":0},"end":{"line":30,"column":2}},"30":{"start":{"line":31,"column":0},"end":{"line":31,"column":0}},"31":{"start":{"line":32,"column":0},"end":{"line":32,"column":45}},"32":{"start":{"line":33,"column":0},"end":{"line":33,"column":18}},"33":{"start":{"line":34,"column":0},"end":{"line":34,"column":34}},"34":{"start":{"line":35,"column":0},"end":{"line":35,"column":44}},"35":{"start":{"line":36,"column":0},"end":{"line":36,"column":15}},"36":{"start":{"line":37,"column":0},"end":{"line":37,"column":3}},"37":{"start":{"line":38,"column":0},"end":{"line":38,"column":2}},"38":{"start":{"line":39,"column":0},"end":{"line":39,"column":0}},"39":{"start":{"line":40,"column":0},"end":{"line":40,"column":42}},"40":{"start":{"line":41,"column":0},"end":{"line":41,"column":15}},"41":{"start":{"line":42,"column":0},"end":{"line":42,"column":31}},"42":{"start":{"line":43,"column":0},"end":{"line":43,"column":41}},"43":{"start":{"line":44,"column":0},"end":{"line":44,"column":59}},"44":{"start":{"line":45,"column":0},"end":{"line":45,"column":46}},"45":{"start":{"line":46,"column":0},"end":{"line":46,"column":15}},"46":{"start":{"line":47,"column":0},"end":{"line":47,"column":3}},"47":{"start":{"line":48,"column":0},"end":{"line":48,"column":2}},"48":{"start":{"line":49,"column":0},"end":{"line":49,"column":0}},"49":{"start":{"line":50,"column":0},"end":{"line":50,"column":71}},"50":{"start":{"line":51,"column":0},"end":{"line":51,"column":32}},"51":{"start":{"line":52,"column":0},"end":{"line":52,"column":42}},"52":{"start":{"line":53,"column":0},"end":{"line":53,"column":30}},"53":{"start":{"line":54,"column":0},"end":{"line":54,"column":13}},"54":{"start":{"line":55,"column":0},"end":{"line":55,"column":3}},"55":{"start":{"line":56,"column":0},"end":{"line":56,"column":0}},"56":{"start":{"line":57,"column":0},"end":{"line":57,"column":77}},"57":{"start":{"line":58,"column":0},"end":{"line":58,"column":33}},"58":{"start":{"line":59,"column":0},"end":{"line":59,"column":13}},"59":{"start":{"line":60,"column":0},"end":{"line":60,"column":3}},"60":{"start":{"line":61,"column":0},"end":{"line":61,"column":0}},"61":{"start":{"line":62,"column":0},"end":{"line":62,"column":47}},"62":{"start":{"line":63,"column":0},"end":{"line":63,"column":20}},"63":{"start":{"line":64,"column":0},"end":{"line":64,"column":43}},"64":{"start":{"line":65,"column":0},"end":{"line":65,"column":42}},"65":{"start":{"line":66,"column":0},"end":{"line":66,"column":15}},"66":{"start":{"line":67,"column":0},"end":{"line":67,"column":3}},"67":{"start":{"line":68,"column":0},"end":{"line":68,"column":2}},"68":{"start":{"line":69,"column":0},"end":{"line":69,"column":0}},"69":{"start":{"line":70,"column":0},"end":{"line":70,"column":31}},"70":{"start":{"line":71,"column":0},"end":{"line":71,"column":15}},"71":{"start":{"line":72,"column":0},"end":{"line":72,"column":15}},"72":{"start":{"line":73,"column":0},"end":{"line":73,"column":13}},"73":{"start":{"line":74,"column":0},"end":{"line":74,"column":43}},"74":{"start":{"line":75,"column":0},"end":{"line":75,"column":4}},"75":{"start":{"line":76,"column":0},"end":{"line":76,"column":31}},"76":{"start":{"line":77,"column":0},"end":{"line":77,"column":11}},"77":{"start":{"line":78,"column":0},"end":{"line":78,"column":49}},"78":{"start":{"line":79,"column":0},"end":{"line":79,"column":35}},"79":{"start":{"line":80,"column":0},"end":{"line":80,"column":27}},"80":{"start":{"line":81,"column":0},"end":{"line":81,"column":44}},"81":{"start":{"line":82,"column":0},"end":{"line":82,"column":8}},"82":{"start":{"line":83,"column":0},"end":{"line":83,"column":58}},"83":{"start":{"line":84,"column":0},"end":{"line":84,"column":36}},"84":{"start":{"line":85,"column":0},"end":{"line":85,"column":43}},"85":{"start":{"line":86,"column":0},"end":{"line":86,"column":8}},"86":{"start":{"line":87,"column":0},"end":{"line":87,"column":59}},"87":{"start":{"line":88,"column":0},"end":{"line":88,"column":36}},"88":{"start":{"line":89,"column":0},"end":{"line":89,"column":43}},"89":{"start":{"line":90,"column":0},"end":{"line":90,"column":8}},"90":{"start":{"line":91,"column":0},"end":{"line":91,"column":50}},"91":{"start":{"line":92,"column":0},"end":{"line":92,"column":35}},"92":{"start":{"line":93,"column":0},"end":{"line":93,"column":27}},"93":{"start":{"line":94,"column":0},"end":{"line":94,"column":8}},"94":{"start":{"line":95,"column":0},"end":{"line":95,"column":59}},"95":{"start":{"line":96,"column":0},"end":{"line":96,"column":36}},"96":{"start":{"line":97,"column":0},"end":{"line":97,"column":43}},"97":{"start":{"line":98,"column":0},"end":{"line":98,"column":35}},"98":{"start":{"line":99,"column":0},"end":{"line":99,"column":8}},"99":{"start":{"line":100,"column":0},"end":{"line":100,"column":60}},"100":{"start":{"line":101,"column":0},"end":{"line":101,"column":36}},"101":{"start":{"line":102,"column":0},"end":{"line":102,"column":41}},"102":{"start":{"line":103,"column":0},"end":{"line":103,"column":37}},"103":{"start":{"line":104,"column":0},"end":{"line":104,"column":35}},"104":{"start":{"line":105,"column":0},"end":{"line":105,"column":8}},"105":{"start":{"line":106,"column":0},"end":{"line":106,"column":46}},"106":{"start":{"line":107,"column":0},"end":{"line":107,"column":35}},"107":{"start":{"line":108,"column":0},"end":{"line":108,"column":27}},"108":{"start":{"line":109,"column":0},"end":{"line":109,"column":8}},"109":{"start":{"line":110,"column":0},"end":{"line":110,"column":55}},"110":{"start":{"line":111,"column":0},"end":{"line":111,"column":36}},"111":{"start":{"line":112,"column":0},"end":{"line":112,"column":43}},"112":{"start":{"line":113,"column":0},"end":{"line":113,"column":8}},"113":{"start":{"line":114,"column":0},"end":{"line":114,"column":56}},"114":{"start":{"line":115,"column":0},"end":{"line":115,"column":36}},"115":{"start":{"line":116,"column":0},"end":{"line":116,"column":41}},"116":{"start":{"line":117,"column":0},"end":{"line":117,"column":37}},"117":{"start":{"line":118,"column":0},"end":{"line":118,"column":8}},"118":{"start":{"line":119,"column":0},"end":{"line":119,"column":51}},"119":{"start":{"line":120,"column":0},"end":{"line":120,"column":35}},"120":{"start":{"line":121,"column":0},"end":{"line":121,"column":27}},"121":{"start":{"line":122,"column":0},"end":{"line":122,"column":8}},"122":{"start":{"line":123,"column":0},"end":{"line":123,"column":60}},"123":{"start":{"line":124,"column":0},"end":{"line":124,"column":36}},"124":{"start":{"line":125,"column":0},"end":{"line":125,"column":43}},"125":{"start":{"line":126,"column":0},"end":{"line":126,"column":8}},"126":{"start":{"line":127,"column":0},"end":{"line":127,"column":61}},"127":{"start":{"line":128,"column":0},"end":{"line":128,"column":36}},"128":{"start":{"line":129,"column":0},"end":{"line":129,"column":41}},"129":{"start":{"line":130,"column":0},"end":{"line":130,"column":8}},"130":{"start":{"line":131,"column":0},"end":{"line":131,"column":47}},"131":{"start":{"line":132,"column":0},"end":{"line":132,"column":35}},"132":{"start":{"line":133,"column":0},"end":{"line":133,"column":27}},"133":{"start":{"line":134,"column":0},"end":{"line":134,"column":8}},"134":{"start":{"line":135,"column":0},"end":{"line":135,"column":56}},"135":{"start":{"line":136,"column":0},"end":{"line":136,"column":36}},"136":{"start":{"line":137,"column":0},"end":{"line":137,"column":43}},"137":{"start":{"line":138,"column":0},"end":{"line":138,"column":8}},"138":{"start":{"line":139,"column":0},"end":{"line":139,"column":57}},"139":{"start":{"line":140,"column":0},"end":{"line":140,"column":36}},"140":{"start":{"line":141,"column":0},"end":{"line":141,"column":45}},"141":{"start":{"line":142,"column":0},"end":{"line":142,"column":38}},"142":{"start":{"line":143,"column":0},"end":{"line":143,"column":9}},"143":{"start":{"line":144,"column":0},"end":{"line":144,"column":4}},"144":{"start":{"line":145,"column":0},"end":{"line":145,"column":14}},"145":{"start":{"line":146,"column":0},"end":{"line":146,"column":38}},"146":{"start":{"line":147,"column":0},"end":{"line":147,"column":56}},"147":{"start":{"line":148,"column":0},"end":{"line":148,"column":56}},"148":{"start":{"line":149,"column":0},"end":{"line":149,"column":72}},"149":{"start":{"line":150,"column":0},"end":{"line":150,"column":59}},"150":{"start":{"line":151,"column":0},"end":{"line":151,"column":3}},"151":{"start":{"line":152,"column":0},"end":{"line":152,"column":3}},"152":{"start":{"line":153,"column":0},"end":{"line":153,"column":0}},"153":{"start":{"line":154,"column":0},"end":{"line":154,"column":45}},"154":{"start":{"line":155,"column":0},"end":{"line":155,"column":52}},"155":{"start":{"line":156,"column":0},"end":{"line":156,"column":0}},"156":{"start":{"line":157,"column":0},"end":{"line":157,"column":14}},"157":{"start":{"line":158,"column":0},"end":{"line":158,"column":13}},"158":{"start":{"line":159,"column":0},"end":{"line":159,"column":22}},"159":{"start":{"line":160,"column":0},"end":{"line":160,"column":22}},"160":{"start":{"line":161,"column":0},"end":{"line":161,"column":24}},"161":{"start":{"line":162,"column":0},"end":{"line":162,"column":29}},"162":{"start":{"line":163,"column":0},"end":{"line":163,"column":24}}},"s":{"0":1,"1":1,"2":1,"3":1,"4":1,"5":1,"6":1,"7":1,"8":1,"9":1,"10":1,"11":1,"12":1,"13":1,"14":1,"15":1,"16":1,"17":1,"18":1,"19":1,"20":1,"21":1,"22":1,"23":1,"24":1,"25":1,"26":1,"27":1,"28":1,"29":1,"30":1,"31":1,"32":1,"33":1,"34":2,"35":2,"36":2,"37":1,"38":1,"39":1,"40":1,"41":1,"42":2,"43":2,"44":2,"45":2,"46":2,"47":1,"48":1,"49":1,"50":2,"51":2,"52":2,"53":2,"54":1,"55":1,"56":1,"57":2,"58":2,"59":1,"60":1,"61":1,"62":1,"63":1,"64":2,"65":2,"66":2,"67":1,"68":1,"69":1,"70":1,"71":1,"72":1,"73":1,"74":1,"75":1,"76":4,"77":4,"78":2,"79":2,"80":2,"81":4,"82":4,"83":1,"84":1,"85":4,"86":4,"87":1,"88":1,"89":4,"90":4,"91":2,"92":2,"93":4,"94":4,"95":1,"96":1,"97":1,"98":4,"99":4,"100":1,"101":1,"102":1,"103":1,"104":4,"105":4,"106":2,"107":2,"108":4,"109":4,"110":1,"111":1,"112":4,"113":4,"114":1,"115":1,"116":1,"117":4,"118":4,"119":2,"120":2,"121":4,"122":4,"123":1,"124":1,"125":4,"126":4,"127":1,"128":1,"129":4,"130":4,"131":2,"132":2,"133":4,"134":4,"135":1,"136":1,"137":4,"138":4,"139":1,"140":1,"141":1,"142":4,"143":1,"144":1,"145":1,"146":1,"147":1,"148":1,"149":1,"150":1,"151":1,"152":1,"153":1,"154":1,"155":1,"156":1,"157":1,"158":1,"159":1,"160":1,"161":1,"162":1},"branchMap":{"0":{"type":"branch","line":34,"loc":{"start":{"line":34,"column":2},"end":{"line":37,"column":3}},"locations":[{"start":{"line":34,"column":2},"end":{"line":37,"column":3}}]},"1":{"type":"branch","line":34,"loc":{"start":{"line":34,"column":28},"end":{"line":37,"column":3}},"locations":[{"start":{"line":34,"column":28},"end":{"line":37,"column":3}}]},"2":{"type":"branch","line":35,"loc":{"start":{"line":35,"column":16},"end":{"line":35,"column":44}},"locations":[{"start":{"line":35,"column":16},"end":{"line":35,"column":44}}]},"3":{"type":"branch","line":42,"loc":{"start":{"line":42,"column":2},"end":{"line":47,"column":3}},"locations":[{"start":{"line":42,"column":2},"end":{"line":47,"column":3}}]},"4":{"type":"branch","line":42,"loc":{"start":{"line":42,"column":25},"end":{"line":47,"column":3}},"locations":[{"start":{"line":42,"column":25},"end":{"line":47,"column":3}}]},"5":{"type":"branch","line":43,"loc":{"start":{"line":43,"column":16},"end":{"line":43,"column":41}},"locations":[{"start":{"line":43,"column":16},"end":{"line":43,"column":41}}]},"6":{"type":"branch","line":50,"loc":{"start":{"line":50,"column":58},"end":{"line":55,"column":2}},"locations":[{"start":{"line":50,"column":58},"end":{"line":55,"column":2}}]},"7":{"type":"branch","line":50,"loc":{"start":{"line":50,"column":58},"end":{"line":55,"column":2}},"locations":[{"start":{"line":50,"column":58},"end":{"line":55,"column":2}}]},"8":{"type":"branch","line":51,"loc":{"start":{"line":51,"column":14},"end":{"line":51,"column":32}},"locations":[{"start":{"line":51,"column":14},"end":{"line":51,"column":32}}]},"9":{"type":"branch","line":57,"loc":{"start":{"line":57,"column":64},"end":{"line":60,"column":2}},"locations":[{"start":{"line":57,"column":64},"end":{"line":60,"column":2}}]},"10":{"type":"branch","line":57,"loc":{"start":{"line":57,"column":64},"end":{"line":60,"column":2}},"locations":[{"start":{"line":57,"column":64},"end":{"line":60,"column":2}}]},"11":{"type":"branch","line":58,"loc":{"start":{"line":58,"column":14},"end":{"line":58,"column":33}},"locations":[{"start":{"line":58,"column":14},"end":{"line":58,"column":33}}]},"12":{"type":"branch","line":64,"loc":{"start":{"line":64,"column":2},"end":{"line":67,"column":3}},"locations":[{"start":{"line":64,"column":2},"end":{"line":67,"column":3}}]},"13":{"type":"branch","line":64,"loc":{"start":{"line":64,"column":37},"end":{"line":67,"column":3}},"locations":[{"start":{"line":64,"column":37},"end":{"line":67,"column":3}}]},"14":{"type":"branch","line":65,"loc":{"start":{"line":65,"column":16},"end":{"line":65,"column":42}},"locations":[{"start":{"line":65,"column":16},"end":{"line":65,"column":42}}]},"15":{"type":"branch","line":74,"loc":{"start":{"line":74,"column":20},"end":{"line":74,"column":43}},"locations":[{"start":{"line":74,"column":20},"end":{"line":74,"column":43}}]},"16":{"type":"branch","line":76,"loc":{"start":{"line":76,"column":17},"end":{"line":144,"column":3}},"locations":[{"start":{"line":76,"column":17},"end":{"line":144,"column":3}}]},"17":{"type":"branch","line":78,"loc":{"start":{"line":78,"column":37},"end":{"line":82,"column":7}},"locations":[{"start":{"line":78,"column":37},"end":{"line":82,"column":7}}]},"18":{"type":"branch","line":83,"loc":{"start":{"line":83,"column":38},"end":{"line":86,"column":7}},"locations":[{"start":{"line":83,"column":38},"end":{"line":86,"column":7}}]},"19":{"type":"branch","line":87,"loc":{"start":{"line":87,"column":39},"end":{"line":90,"column":7}},"locations":[{"start":{"line":87,"column":39},"end":{"line":90,"column":7}}]},"20":{"type":"branch","line":91,"loc":{"start":{"line":91,"column":38},"end":{"line":94,"column":7}},"locations":[{"start":{"line":91,"column":38},"end":{"line":94,"column":7}}]},"21":{"type":"branch","line":95,"loc":{"start":{"line":95,"column":39},"end":{"line":99,"column":7}},"locations":[{"start":{"line":95,"column":39},"end":{"line":99,"column":7}}]},"22":{"type":"branch","line":100,"loc":{"start":{"line":100,"column":40},"end":{"line":105,"column":7}},"locations":[{"start":{"line":100,"column":40},"end":{"line":105,"column":7}}]},"23":{"type":"branch","line":106,"loc":{"start":{"line":106,"column":34},"end":{"line":109,"column":7}},"locations":[{"start":{"line":106,"column":34},"end":{"line":109,"column":7}}]},"24":{"type":"branch","line":110,"loc":{"start":{"line":110,"column":35},"end":{"line":113,"column":7}},"locations":[{"start":{"line":110,"column":35},"end":{"line":113,"column":7}}]},"25":{"type":"branch","line":114,"loc":{"start":{"line":114,"column":36},"end":{"line":118,"column":7}},"locations":[{"start":{"line":114,"column":36},"end":{"line":118,"column":7}}]},"26":{"type":"branch","line":119,"loc":{"start":{"line":119,"column":39},"end":{"line":122,"column":7}},"locations":[{"start":{"line":119,"column":39},"end":{"line":122,"column":7}}]},"27":{"type":"branch","line":123,"loc":{"start":{"line":123,"column":40},"end":{"line":126,"column":7}},"locations":[{"start":{"line":123,"column":40},"end":{"line":126,"column":7}}]},"28":{"type":"branch","line":127,"loc":{"start":{"line":127,"column":41},"end":{"line":130,"column":7}},"locations":[{"start":{"line":127,"column":41},"end":{"line":130,"column":7}}]},"29":{"type":"branch","line":131,"loc":{"start":{"line":131,"column":35},"end":{"line":134,"column":7}},"locations":[{"start":{"line":131,"column":35},"end":{"line":134,"column":7}}]},"30":{"type":"branch","line":135,"loc":{"start":{"line":135,"column":36},"end":{"line":138,"column":7}},"locations":[{"start":{"line":135,"column":36},"end":{"line":138,"column":7}}]},"31":{"type":"branch","line":139,"loc":{"start":{"line":139,"column":37},"end":{"line":143,"column":7}},"locations":[{"start":{"line":139,"column":37},"end":{"line":143,"column":7}}]},"32":{"type":"branch","line":146,"loc":{"start":{"line":146,"column":16},"end":{"line":146,"column":32}},"locations":[{"start":{"line":146,"column":16},"end":{"line":146,"column":32}}]},"33":{"type":"branch","line":147,"loc":{"start":{"line":147,"column":25},"end":{"line":147,"column":41}},"locations":[{"start":{"line":147,"column":25},"end":{"line":147,"column":41}}]},"34":{"type":"branch","line":148,"loc":{"start":{"line":148,"column":25},"end":{"line":148,"column":41}},"locations":[{"start":{"line":148,"column":25},"end":{"line":148,"column":41}}]},"35":{"type":"branch","line":149,"loc":{"start":{"line":149,"column":33},"end":{"line":149,"column":49}},"locations":[{"start":{"line":149,"column":33},"end":{"line":149,"column":49}}]},"36":{"type":"branch","line":150,"loc":{"start":{"line":150,"column":27},"end":{"line":150,"column":43}},"locations":[{"start":{"line":150,"column":27},"end":{"line":150,"column":43}}]}},"b":{"0":[2],"1":[2],"2":[2],"3":[2],"4":[2],"5":[2],"6":[2],"7":[2],"8":[2],"9":[2],"10":[2],"11":[2],"12":[2],"13":[2],"14":[2],"15":[5],"16":[4],"17":[2],"18":[1],"19":[1],"20":[2],"21":[1],"22":[1],"23":[2],"24":[1],"25":[1],"26":[2],"27":[1],"28":[1],"29":[2],"30":[1],"31":[1],"32":[1],"33":[1],"34":[1],"35":[1],"36":[1]},"fnMap":{"0":{"name":"resetUserState","decl":{"start":{"line":74,"column":20},"end":{"line":74,"column":43}},"loc":{"start":{"line":74,"column":20},"end":{"line":74,"column":43}},"line":74},"1":{"name":"extraReducers","decl":{"start":{"line":76,"column":17},"end":{"line":144,"column":3}},"loc":{"start":{"line":76,"column":17},"end":{"line":144,"column":3}},"line":76},"2":{"name":"selectUser","decl":{"start":{"line":146,"column":16},"end":{"line":146,"column":32}},"loc":{"start":{"line":146,"column":16},"end":{"line":146,"column":32}},"line":146},"3":{"name":"selectIsLoadingUser","decl":{"start":{"line":147,"column":25},"end":{"line":147,"column":41}},"loc":{"start":{"line":147,"column":25},"end":{"line":147,"column":41}},"line":147},"4":{"name":"selectIsAuthChecked","decl":{"start":{"line":148,"column":25},"end":{"line":148,"column":41}},"loc":{"start":{"line":148,"column":25},"end":{"line":148,"column":41}},"line":148},"5":{"name":"selectIsSuccessRegistration","decl":{"start":{"line":149,"column":33},"end":{"line":149,"column":49}},"loc":{"start":{"line":149,"column":33},"end":{"line":149,"column":49}},"line":149},"6":{"name":"selectIsAuthenticated","decl":{"start":{"line":150,"column":27},"end":{"line":150,"column":43}},"loc":{"start":{"line":150,"column":27},"end":{"line":150,"column":43}},"line":150}},"f":{"0":5,"1":4,"2":1,"3":1,"4":1,"5":1,"6":1}}
,"C:\\Users\\Василий\\dev\\stellar-burgers\\src\\services\\store\\store.ts": {"path":"C:\\Users\\Василий\\dev\\stellar-burgers\\src\\services\\store\\store.ts","all":false,"statementMap":{"0":{"start":{"line":1,"column":0},"end":{"line":1,"column":67}},"1":{"start":{"line":2,"column":0},"end":{"line":2,"column":8}},"2":{"start":{"line":3,"column":0},"end":{"line":3,"column":23}},"3":{"start":{"line":4,"column":0},"end":{"line":4,"column":30}},"4":{"start":{"line":5,"column":0},"end":{"line":5,"column":29}},"5":{"start":{"line":6,"column":0},"end":{"line":6,"column":21}},"6":{"start":{"line":7,"column":0},"end":{"line":7,"column":52}},"7":{"start":{"line":8,"column":0},"end":{"line":8,"column":64}},"8":{"start":{"line":9,"column":0},"end":{"line":9,"column":54}},"9":{"start":{"line":10,"column":0},"end":{"line":10,"column":50}},"10":{"start":{"line":11,"column":0},"end":{"line":11,"column":0}},"11":{"start":{"line":12,"column":0},"end":{"line":12,"column":44}},"12":{"start":{"line":13,"column":0},"end":{"line":13,"column":34}},"13":{"start":{"line":14,"column":0},"end":{"line":14,"column":22}},"14":{"start":{"line":15,"column":0},"end":{"line":15,"column":20}},"15":{"start":{"line":16,"column":0},"end":{"line":16,"column":23}},"16":{"start":{"line":17,"column":0},"end":{"line":17,"column":3}},"17":{"start":{"line":18,"column":0},"end":{"line":18,"column":0}},"18":{"start":{"line":19,"column":0},"end":{"line":19,"column":30}},"19":{"start":{"line":20,"column":0},"end":{"line":20,"column":23}},"20":{"start":{"line":21,"column":0},"end":{"line":21,"column":49}},"21":{"start":{"line":22,"column":0},"end":{"line":22,"column":3}},"22":{"start":{"line":23,"column":0},"end":{"line":23,"column":0}},"23":{"start":{"line":24,"column":0},"end":{"line":24,"column":55}},"24":{"start":{"line":25,"column":0},"end":{"line":25,"column":0}},"25":{"start":{"line":26,"column":0},"end":{"line":26,"column":48}},"26":{"start":{"line":27,"column":0},"end":{"line":27,"column":0}},"27":{"start":{"line":28,"column":0},"end":{"line":28,"column":67}},"28":{"start":{"line":29,"column":0},"end":{"line":29,"column":73}},"29":{"start":{"line":30,"column":0},"end":{"line":30,"column":0}},"30":{"start":{"line":31,"column":0},"end":{"line":31,"column":21}}},"s":{"0":1,"1":1,"2":1,"3":1,"4":1,"5":1,"6":1,"7":1,"8":1,"9":1,"10":1,"11":1,"12":1,"13":1,"14":1,"15":1,"16":1,"17":1,"18":1,"19":1,"20":1,"21":1,"22":1,"23":1,"24":1,"25":1,"26":1,"27":1,"28":1,"29":1,"30":1},"branchMap":{},"b":{},"fnMap":{"0":{"name":"useDispatch","decl":{"start":{"line":28,"column":46},"end":{"line":28,"column":64}},"loc":{"start":{"line":28,"column":46},"end":{"line":28,"column":64}},"line":28}},"f":{"0":0}}
,"C:\\Users\\Василий\\dev\\stellar-burgers\\src\\services\\tests\\store.mock.ts": {"path":"C:\\Users\\Василий\\dev\\stellar-burgers\\src\\services\\tests\\store.mock.ts","all":false,"statementMap":{"0":{"start":{"line":1,"column":0},"end":{"line":1,"column":50}},"1":{"start":{"line":2,"column":0},"end":{"line":2,"column":45}},"2":{"start":{"line":3,"column":0},"end":{"line":3,"column":0}},"3":{"start":{"line":4,"column":0},"end":{"line":4,"column":41}},"4":{"start":{"line":5,"column":0},"end":{"line":5,"column":22}},"5":{"start":{"line":6,"column":0},"end":{"line":6,"column":3}}},"s":{"0":1,"1":1,"2":1,"3":1,"4":1,"5":1},"branchMap":{},"b":{},"fnMap":{},"f":{}}
,"C:\\Users\\Василий\\dev\\stellar-burgers\\src\\utils\\burger-api.ts": {"path":"C:\\Users\\Василий\\dev\\stellar-burgers\\src\\utils\\burger-api.ts","all":false,"statementMap":{"0":{"start":{"line":1,"column":0},"end":{"line":1,"column":48}},"1":{"start":{"line":2,"column":0},"end":{"line":2,"column":53}},"2":{"start":{"line":3,"column":0},"end":{"line":3,"column":0}},"3":{"start":{"line":4,"column":0},"end":{"line":4,"column":39}},"4":{"start":{"line":5,"column":0},"end":{"line":5,"column":0}},"5":{"start":{"line":6,"column":0},"end":{"line":6,"column":55}},"6":{"start":{"line":7,"column":0},"end":{"line":7,"column":70}},"7":{"start":{"line":8,"column":0},"end":{"line":8,"column":0}},"8":{"start":{"line":9,"column":0},"end":{"line":9,"column":27}},"9":{"start":{"line":10,"column":0},"end":{"line":10,"column":19}},"10":{"start":{"line":11,"column":0},"end":{"line":11,"column":6}},"11":{"start":{"line":12,"column":0},"end":{"line":12,"column":0}},"12":{"start":{"line":13,"column":0},"end":{"line":13,"column":41}},"13":{"start":{"line":14,"column":0},"end":{"line":14,"column":23}},"14":{"start":{"line":15,"column":0},"end":{"line":15,"column":22}},"15":{"start":{"line":16,"column":0},"end":{"line":16,"column":3}},"16":{"start":{"line":17,"column":0},"end":{"line":17,"column":0}},"17":{"start":{"line":18,"column":0},"end":{"line":18,"column":60}},"18":{"start":{"line":19,"column":0},"end":{"line":19,"column":30}},"19":{"start":{"line":20,"column":0},"end":{"line":20,"column":19}},"20":{"start":{"line":21,"column":0},"end":{"line":21,"column":14}},"21":{"start":{"line":22,"column":0},"end":{"line":22,"column":54}},"22":{"start":{"line":23,"column":0},"end":{"line":23,"column":6}},"23":{"start":{"line":24,"column":0},"end":{"line":24,"column":26}},"24":{"start":{"line":25,"column":0},"end":{"line":25,"column":49}},"25":{"start":{"line":26,"column":0},"end":{"line":26,"column":6}},"26":{"start":{"line":27,"column":0},"end":{"line":27,"column":4}},"27":{"start":{"line":28,"column":0},"end":{"line":28,"column":56}},"28":{"start":{"line":29,"column":0},"end":{"line":29,"column":28}},"29":{"start":{"line":30,"column":0},"end":{"line":30,"column":33}},"30":{"start":{"line":31,"column":0},"end":{"line":31,"column":43}},"31":{"start":{"line":32,"column":0},"end":{"line":32,"column":7}},"32":{"start":{"line":33,"column":0},"end":{"line":33,"column":69}},"33":{"start":{"line":34,"column":0},"end":{"line":34,"column":56}},"34":{"start":{"line":35,"column":0},"end":{"line":35,"column":25}},"35":{"start":{"line":36,"column":0},"end":{"line":36,"column":7}},"36":{"start":{"line":37,"column":0},"end":{"line":37,"column":0}},"37":{"start":{"line":38,"column":0},"end":{"line":38,"column":42}},"38":{"start":{"line":39,"column":0},"end":{"line":39,"column":19}},"39":{"start":{"line":40,"column":0},"end":{"line":40,"column":22}},"40":{"start":{"line":41,"column":0},"end":{"line":41,"column":6}},"41":{"start":{"line":42,"column":0},"end":{"line":42,"column":7}},"42":{"start":{"line":43,"column":0},"end":{"line":43,"column":42}},"43":{"start":{"line":44,"column":0},"end":{"line":44,"column":0}},"44":{"start":{"line":45,"column":0},"end":{"line":45,"column":39}},"45":{"start":{"line":46,"column":0},"end":{"line":46,"column":17}},"46":{"start":{"line":47,"column":0},"end":{"line":47,"column":65}},"47":{"start":{"line":48,"column":0},"end":{"line":48,"column":47}},"48":{"start":{"line":49,"column":0},"end":{"line":49,"column":28}},"49":{"start":{"line":50,"column":0},"end":{"line":50,"column":70}},"50":{"start":{"line":51,"column":0},"end":{"line":51,"column":34}},"51":{"start":{"line":52,"column":0},"end":{"line":52,"column":7}},"52":{"start":{"line":53,"column":0},"end":{"line":53,"column":44}},"53":{"start":{"line":54,"column":0},"end":{"line":54,"column":41}},"54":{"start":{"line":55,"column":0},"end":{"line":55,"column":12}},"55":{"start":{"line":56,"column":0},"end":{"line":56,"column":33}},"56":{"start":{"line":57,"column":0},"end":{"line":57,"column":5}},"57":{"start":{"line":58,"column":0},"end":{"line":58,"column":3}},"58":{"start":{"line":59,"column":0},"end":{"line":59,"column":2}},"59":{"start":{"line":60,"column":0},"end":{"line":60,"column":0}},"60":{"start":{"line":61,"column":0},"end":{"line":61,"column":45}},"61":{"start":{"line":62,"column":0},"end":{"line":62,"column":22}},"62":{"start":{"line":63,"column":0},"end":{"line":63,"column":3}},"63":{"start":{"line":64,"column":0},"end":{"line":64,"column":0}},"64":{"start":{"line":65,"column":0},"end":{"line":65,"column":46}},"65":{"start":{"line":66,"column":0},"end":{"line":66,"column":19}},"66":{"start":{"line":67,"column":0},"end":{"line":67,"column":16}},"67":{"start":{"line":68,"column":0},"end":{"line":68,"column":21}},"68":{"start":{"line":69,"column":0},"end":{"line":69,"column":3}},"69":{"start":{"line":70,"column":0},"end":{"line":70,"column":0}},"70":{"start":{"line":71,"column":0},"end":{"line":71,"column":40}},"71":{"start":{"line":72,"column":0},"end":{"line":72,"column":17}},"72":{"start":{"line":73,"column":0},"end":{"line":73,"column":3}},"73":{"start":{"line":74,"column":0},"end":{"line":74,"column":0}},"74":{"start":{"line":75,"column":0},"end":{"line":75,"column":38}},"75":{"start":{"line":76,"column":0},"end":{"line":76,"column":29}},"76":{"start":{"line":77,"column":0},"end":{"line":77,"column":60}},"77":{"start":{"line":78,"column":0},"end":{"line":78,"column":21}},"78":{"start":{"line":79,"column":0},"end":{"line":79,"column":42}},"79":{"start":{"line":80,"column":0},"end":{"line":80,"column":34}},"80":{"start":{"line":81,"column":0},"end":{"line":81,"column":7}},"81":{"start":{"line":82,"column":0},"end":{"line":82,"column":0}},"82":{"start":{"line":83,"column":0},"end":{"line":83,"column":32}},"83":{"start":{"line":84,"column":0},"end":{"line":84,"column":28}},"84":{"start":{"line":85,"column":0},"end":{"line":85,"column":54}},"85":{"start":{"line":86,"column":0},"end":{"line":86,"column":21}},"86":{"start":{"line":87,"column":0},"end":{"line":87,"column":37}},"87":{"start":{"line":88,"column":0},"end":{"line":88,"column":34}},"88":{"start":{"line":89,"column":0},"end":{"line":89,"column":7}},"89":{"start":{"line":90,"column":0},"end":{"line":90,"column":0}},"90":{"start":{"line":91,"column":0},"end":{"line":91,"column":33}},"91":{"start":{"line":92,"column":0},"end":{"line":92,"column":53}},"92":{"start":{"line":93,"column":0},"end":{"line":93,"column":18}},"93":{"start":{"line":94,"column":0},"end":{"line":94,"column":14}},"94":{"start":{"line":95,"column":0},"end":{"line":95,"column":55}},"95":{"start":{"line":96,"column":0},"end":{"line":96,"column":45}},"96":{"start":{"line":97,"column":0},"end":{"line":97,"column":20}},"97":{"start":{"line":98,"column":0},"end":{"line":98,"column":21}},"98":{"start":{"line":99,"column":0},"end":{"line":99,"column":42}},"99":{"start":{"line":100,"column":0},"end":{"line":100,"column":32}},"100":{"start":{"line":101,"column":0},"end":{"line":101,"column":5}},"101":{"start":{"line":102,"column":0},"end":{"line":102,"column":0}},"102":{"start":{"line":103,"column":0},"end":{"line":103,"column":42}},"103":{"start":{"line":104,"column":0},"end":{"line":104,"column":16}},"104":{"start":{"line":105,"column":0},"end":{"line":105,"column":15}},"105":{"start":{"line":106,"column":0},"end":{"line":106,"column":3}},"106":{"start":{"line":107,"column":0},"end":{"line":107,"column":0}},"107":{"start":{"line":108,"column":0},"end":{"line":108,"column":49}},"108":{"start":{"line":109,"column":0},"end":{"line":109,"column":56}},"109":{"start":{"line":110,"column":0},"end":{"line":110,"column":19}},"110":{"start":{"line":111,"column":0},"end":{"line":111,"column":14}},"111":{"start":{"line":112,"column":0},"end":{"line":112,"column":55}},"112":{"start":{"line":113,"column":0},"end":{"line":113,"column":45}},"113":{"start":{"line":114,"column":0},"end":{"line":114,"column":21}},"114":{"start":{"line":115,"column":0},"end":{"line":115,"column":26}},"115":{"start":{"line":116,"column":0},"end":{"line":116,"column":23}},"116":{"start":{"line":117,"column":0},"end":{"line":117,"column":6}},"117":{"start":{"line":118,"column":0},"end":{"line":118,"column":21}},"118":{"start":{"line":119,"column":0},"end":{"line":119,"column":35}},"119":{"start":{"line":120,"column":0},"end":{"line":120,"column":32}},"120":{"start":{"line":121,"column":0},"end":{"line":121,"column":5}},"121":{"start":{"line":122,"column":0},"end":{"line":122,"column":0}},"122":{"start":{"line":123,"column":0},"end":{"line":123,"column":39}},"123":{"start":{"line":124,"column":0},"end":{"line":124,"column":19}},"124":{"start":{"line":125,"column":0},"end":{"line":125,"column":3}},"125":{"start":{"line":126,"column":0},"end":{"line":126,"column":0}},"126":{"start":{"line":127,"column":0},"end":{"line":127,"column":54}},"127":{"start":{"line":128,"column":0},"end":{"line":128,"column":36}},"128":{"start":{"line":129,"column":0},"end":{"line":129,"column":18}},"129":{"start":{"line":130,"column":0},"end":{"line":130,"column":14}},"130":{"start":{"line":131,"column":0},"end":{"line":131,"column":40}},"131":{"start":{"line":132,"column":0},"end":{"line":132,"column":5}},"132":{"start":{"line":133,"column":0},"end":{"line":133,"column":55}},"133":{"start":{"line":134,"column":0},"end":{"line":134,"column":0}},"134":{"start":{"line":135,"column":0},"end":{"line":135,"column":29}},"135":{"start":{"line":136,"column":0},"end":{"line":136,"column":16}},"136":{"start":{"line":137,"column":0},"end":{"line":137,"column":15}},"137":{"start":{"line":138,"column":0},"end":{"line":138,"column":19}},"138":{"start":{"line":139,"column":0},"end":{"line":139,"column":2}},"139":{"start":{"line":140,"column":0},"end":{"line":140,"column":0}},"140":{"start":{"line":141,"column":0},"end":{"line":141,"column":45}},"141":{"start":{"line":142,"column":0},"end":{"line":142,"column":23}},"142":{"start":{"line":143,"column":0},"end":{"line":143,"column":22}},"143":{"start":{"line":144,"column":0},"end":{"line":144,"column":14}},"144":{"start":{"line":145,"column":0},"end":{"line":145,"column":3}},"145":{"start":{"line":146,"column":0},"end":{"line":146,"column":0}},"146":{"start":{"line":147,"column":0},"end":{"line":147,"column":55}},"147":{"start":{"line":148,"column":0},"end":{"line":148,"column":33}},"148":{"start":{"line":149,"column":0},"end":{"line":149,"column":19}},"149":{"start":{"line":150,"column":0},"end":{"line":150,"column":14}},"150":{"start":{"line":151,"column":0},"end":{"line":151,"column":54}},"151":{"start":{"line":152,"column":0},"end":{"line":152,"column":6}},"152":{"start":{"line":153,"column":0},"end":{"line":153,"column":30}},"153":{"start":{"line":154,"column":0},"end":{"line":154,"column":4}},"154":{"start":{"line":155,"column":0},"end":{"line":155,"column":53}},"155":{"start":{"line":156,"column":0},"end":{"line":156,"column":21}},"156":{"start":{"line":157,"column":0},"end":{"line":157,"column":37}},"157":{"start":{"line":158,"column":0},"end":{"line":158,"column":34}},"158":{"start":{"line":159,"column":0},"end":{"line":159,"column":7}},"159":{"start":{"line":160,"column":0},"end":{"line":160,"column":0}},"160":{"start":{"line":161,"column":0},"end":{"line":161,"column":26}},"161":{"start":{"line":162,"column":0},"end":{"line":162,"column":16}},"162":{"start":{"line":163,"column":0},"end":{"line":163,"column":19}},"163":{"start":{"line":164,"column":0},"end":{"line":164,"column":2}},"164":{"start":{"line":165,"column":0},"end":{"line":165,"column":0}},"165":{"start":{"line":166,"column":0},"end":{"line":166,"column":49}},"166":{"start":{"line":167,"column":0},"end":{"line":167,"column":30}},"167":{"start":{"line":168,"column":0},"end":{"line":168,"column":19}},"168":{"start":{"line":169,"column":0},"end":{"line":169,"column":14}},"169":{"start":{"line":170,"column":0},"end":{"line":170,"column":54}},"170":{"start":{"line":171,"column":0},"end":{"line":171,"column":6}},"171":{"start":{"line":172,"column":0},"end":{"line":172,"column":30}},"172":{"start":{"line":173,"column":0},"end":{"line":173,"column":4}},"173":{"start":{"line":174,"column":0},"end":{"line":174,"column":53}},"174":{"start":{"line":175,"column":0},"end":{"line":175,"column":21}},"175":{"start":{"line":176,"column":0},"end":{"line":176,"column":37}},"176":{"start":{"line":177,"column":0},"end":{"line":177,"column":34}},"177":{"start":{"line":178,"column":0},"end":{"line":178,"column":7}},"178":{"start":{"line":179,"column":0},"end":{"line":179,"column":0}},"179":{"start":{"line":180,"column":0},"end":{"line":180,"column":61}},"180":{"start":{"line":181,"column":0},"end":{"line":181,"column":34}},"181":{"start":{"line":182,"column":0},"end":{"line":182,"column":19}},"182":{"start":{"line":183,"column":0},"end":{"line":183,"column":14}},"183":{"start":{"line":184,"column":0},"end":{"line":184,"column":54}},"184":{"start":{"line":185,"column":0},"end":{"line":185,"column":6}},"185":{"start":{"line":186,"column":0},"end":{"line":186,"column":30}},"186":{"start":{"line":187,"column":0},"end":{"line":187,"column":4}},"187":{"start":{"line":188,"column":0},"end":{"line":188,"column":59}},"188":{"start":{"line":189,"column":0},"end":{"line":189,"column":21}},"189":{"start":{"line":190,"column":0},"end":{"line":190,"column":37}},"190":{"start":{"line":191,"column":0},"end":{"line":191,"column":34}},"191":{"start":{"line":192,"column":0},"end":{"line":192,"column":7}},"192":{"start":{"line":193,"column":0},"end":{"line":193,"column":0}},"193":{"start":{"line":194,"column":0},"end":{"line":194,"column":78}},"194":{"start":{"line":195,"column":0},"end":{"line":195,"column":40}},"195":{"start":{"line":196,"column":0},"end":{"line":196,"column":19}},"196":{"start":{"line":197,"column":0},"end":{"line":197,"column":14}},"197":{"start":{"line":198,"column":0},"end":{"line":198,"column":54}},"198":{"start":{"line":199,"column":0},"end":{"line":199,"column":6}},"199":{"start":{"line":200,"column":0},"end":{"line":200,"column":30}},"200":{"start":{"line":201,"column":0},"end":{"line":201,"column":4}},"201":{"start":{"line":202,"column":0},"end":{"line":202,"column":59}},"202":{"start":{"line":203,"column":0},"end":{"line":203,"column":21}},"203":{"start":{"line":204,"column":0},"end":{"line":204,"column":37}},"204":{"start":{"line":205,"column":0},"end":{"line":205,"column":34}},"205":{"start":{"line":206,"column":0},"end":{"line":206,"column":7}},"206":{"start":{"line":207,"column":0},"end":{"line":207,"column":0}},"207":{"start":{"line":208,"column":0},"end":{"line":208,"column":54}},"208":{"start":{"line":209,"column":0},"end":{"line":209,"column":0}},"209":{"start":{"line":210,"column":0},"end":{"line":210,"column":31}},"210":{"start":{"line":211,"column":0},"end":{"line":211,"column":55}},"211":{"start":{"line":212,"column":0},"end":{"line":212,"column":14}},"212":{"start":{"line":213,"column":0},"end":{"line":213,"column":45}},"213":{"start":{"line":214,"column":0},"end":{"line":214,"column":20}},"214":{"start":{"line":215,"column":0},"end":{"line":215,"column":5}},"215":{"start":{"line":216,"column":0},"end":{"line":216,"column":0}},"216":{"start":{"line":217,"column":0},"end":{"line":217,"column":62}},"217":{"start":{"line":218,"column":0},"end":{"line":218,"column":55}},"218":{"start":{"line":219,"column":0},"end":{"line":219,"column":20}},"219":{"start":{"line":220,"column":0},"end":{"line":220,"column":14}},"220":{"start":{"line":221,"column":0},"end":{"line":221,"column":55}},"221":{"start":{"line":222,"column":0},"end":{"line":222,"column":45}},"222":{"start":{"line":223,"column":0},"end":{"line":223,"column":21}},"223":{"start":{"line":224,"column":0},"end":{"line":224,"column":30}},"224":{"start":{"line":225,"column":0},"end":{"line":225,"column":5}},"225":{"start":{"line":226,"column":0},"end":{"line":226,"column":0}},"226":{"start":{"line":227,"column":0},"end":{"line":227,"column":30}},"227":{"start":{"line":228,"column":0},"end":{"line":228,"column":31}},"228":{"start":{"line":229,"column":0},"end":{"line":229,"column":19}},"229":{"start":{"line":230,"column":0},"end":{"line":230,"column":14}},"230":{"start":{"line":231,"column":0},"end":{"line":231,"column":54}},"231":{"start":{"line":232,"column":0},"end":{"line":232,"column":6}},"232":{"start":{"line":233,"column":0},"end":{"line":233,"column":26}},"233":{"start":{"line":234,"column":0},"end":{"line":234,"column":49}},"234":{"start":{"line":235,"column":0},"end":{"line":235,"column":6}},"235":{"start":{"line":236,"column":0},"end":{"line":236,"column":60}}},"s":{"0":1,"1":1,"2":1,"3":1,"4":1,"5":1,"6":18,"7":1,"8":1,"9":1,"10":1,"11":1,"12":1,"13":1,"14":1,"15":1,"16":1,"17":1,"18":0,"19":0,"20":0,"21":0,"22":0,"23":0,"24":0,"25":0,"26":0,"27":0,"28":0,"29":0,"30":0,"31":0,"32":0,"33":0,"34":0,"35":0,"36":1,"37":1,"38":8,"39":8,"40":8,"41":8,"42":8,"43":8,"44":8,"45":8,"46":8,"47":0,"48":8,"49":8,"50":8,"51":8,"52":8,"53":8,"54":8,"55":8,"56":8,"57":8,"58":8,"59":1,"60":1,"61":1,"62":1,"63":1,"64":1,"65":1,"66":1,"67":1,"68":1,"69":1,"70":1,"71":1,"72":1,"73":1,"74":1,"75":2,"76":2,"77":2,"78":1,"79":0,"80":2,"81":1,"82":1,"83":2,"84":2,"85":2,"86":1,"87":0,"88":2,"89":1,"90":1,"91":2,"92":2,"93":2,"94":2,"95":2,"96":2,"97":2,"98":1,"99":0,"100":2,"101":1,"102":1,"103":1,"104":1,"105":1,"106":1,"107":1,"108":2,"109":2,"110":2,"111":2,"112":2,"113":2,"114":2,"115":2,"116":2,"117":2,"118":1,"119":0,"120":2,"121":1,"122":1,"123":1,"124":1,"125":1,"126":1,"127":0,"128":0,"129":0,"130":0,"131":0,"132":0,"133":1,"134":1,"135":1,"136":1,"137":1,"138":1,"139":1,"140":1,"141":1,"142":1,"143":1,"144":1,"145":1,"146":1,"147":2,"148":2,"149":2,"150":2,"151":2,"152":2,"153":2,"154":2,"155":2,"156":1,"157":0,"158":2,"159":1,"160":1,"161":1,"162":1,"163":1,"164":1,"165":1,"166":2,"167":2,"168":2,"169":2,"170":2,"171":2,"172":2,"173":2,"174":2,"175":1,"176":0,"177":2,"178":1,"179":1,"180":0,"181":0,"182":0,"183":0,"184":0,"185":0,"186":0,"187":0,"188":0,"189":0,"190":0,"191":0,"192":1,"193":1,"194":0,"195":0,"196":0,"197":0,"198":0,"199":0,"200":0,"201":0,"202":0,"203":0,"204":0,"205":0,"206":1,"207":1,"208":1,"209":1,"210":2,"211":2,"212":2,"213":2,"214":2,"215":1,"216":1,"217":2,"218":2,"219":2,"220":2,"221":2,"222":2,"223":2,"224":2,"225":1,"226":1,"227":2,"228":2,"229":2,"230":2,"231":2,"232":2,"233":2,"234":2,"235":2},"branchMap":{"0":{"type":"branch","line":6,"loc":{"start":{"line":6,"column":22},"end":{"line":7,"column":70}},"locations":[{"start":{"line":6,"column":22},"end":{"line":7,"column":70}}]},"1":{"type":"branch","line":7,"loc":{"start":{"line":7,"column":9},"end":{"line":7,"column":21}},"locations":[{"start":{"line":7,"column":9},"end":{"line":7,"column":21}}]},"2":{"type":"branch","line":7,"loc":{"start":{"line":7,"column":22},"end":{"line":7,"column":69}},"locations":[{"start":{"line":7,"column":22},"end":{"line":7,"column":69}}]},"3":{"type":"branch","line":7,"loc":{"start":{"line":7,"column":40},"end":{"line":7,"column":56}},"locations":[{"start":{"line":7,"column":40},"end":{"line":7,"column":56}}]},"4":{"type":"branch","line":38,"loc":{"start":{"line":38,"column":32},"end":{"line":59,"column":2}},"locations":[{"start":{"line":38,"column":32},"end":{"line":59,"column":2}}]},"5":{"type":"branch","line":41,"loc":{"start":{"line":41,"column":-1},"end":{"line":59,"column":2}},"locations":[{"start":{"line":41,"column":-1},"end":{"line":59,"column":2}}]},"6":{"type":"branch","line":45,"loc":{"start":{"line":45,"column":4},"end":{"line":45,"column":39}},"locations":[{"start":{"line":45,"column":4},"end":{"line":45,"column":39}}]},"7":{"type":"branch","line":47,"loc":{"start":{"line":47,"column":62},"end":{"line":48,"column":47}},"locations":[{"start":{"line":47,"column":62},"end":{"line":48,"column":47}}]},"8":{"type":"branch","line":54,"loc":{"start":{"line":54,"column":6},"end":{"line":54,"column":41}},"locations":[{"start":{"line":54,"column":6},"end":{"line":54,"column":41}}]},"9":{"type":"branch","line":56,"loc":{"start":{"line":56,"column":6},"end":{"line":56,"column":33}},"locations":[{"start":{"line":56,"column":6},"end":{"line":56,"column":33}}]},"10":{"type":"branch","line":75,"loc":{"start":{"line":75,"column":33},"end":{"line":81,"column":7}},"locations":[{"start":{"line":75,"column":33},"end":{"line":81,"column":7}}]},"11":{"type":"branch","line":77,"loc":{"start":{"line":77,"column":10},"end":{"line":77,"column":32}},"locations":[{"start":{"line":77,"column":10},"end":{"line":77,"column":32}}]},"12":{"type":"branch","line":78,"loc":{"start":{"line":78,"column":10},"end":{"line":81,"column":5}},"locations":[{"start":{"line":78,"column":10},"end":{"line":81,"column":5}}]},"13":{"type":"branch","line":79,"loc":{"start":{"line":79,"column":14},"end":{"line":79,"column":16}},"locations":[{"start":{"line":79,"column":14},"end":{"line":79,"column":16}}]},"14":{"type":"branch","line":80,"loc":{"start":{"line":80,"column":-1},"end":{"line":81,"column":5}},"locations":[{"start":{"line":80,"column":-1},"end":{"line":81,"column":5}}]},"15":{"type":"branch","line":83,"loc":{"start":{"line":83,"column":27},"end":{"line":89,"column":7}},"locations":[{"start":{"line":83,"column":27},"end":{"line":89,"column":7}}]},"16":{"type":"branch","line":85,"loc":{"start":{"line":85,"column":10},"end":{"line":85,"column":32}},"locations":[{"start":{"line":85,"column":10},"end":{"line":85,"column":32}}]},"17":{"type":"branch","line":86,"loc":{"start":{"line":86,"column":10},"end":{"line":89,"column":5}},"locations":[{"start":{"line":86,"column":10},"end":{"line":89,"column":5}}]},"18":{"type":"branch","line":87,"loc":{"start":{"line":87,"column":14},"end":{"line":87,"column":16}},"locations":[{"start":{"line":87,"column":14},"end":{"line":87,"column":16}}]},"19":{"type":"branch","line":88,"loc":{"start":{"line":88,"column":-1},"end":{"line":89,"column":5}},"locations":[{"start":{"line":88,"column":-1},"end":{"line":89,"column":5}}]},"20":{"type":"branch","line":91,"loc":{"start":{"line":91,"column":28},"end":{"line":101,"column":5}},"locations":[{"start":{"line":91,"column":28},"end":{"line":101,"column":5}}]},"21":{"type":"branch","line":98,"loc":{"start":{"line":98,"column":10},"end":{"line":101,"column":3}},"locations":[{"start":{"line":98,"column":10},"end":{"line":101,"column":3}}]},"22":{"type":"branch","line":99,"loc":{"start":{"line":99,"column":12},"end":{"line":99,"column":14}},"locations":[{"start":{"line":99,"column":12},"end":{"line":99,"column":14}}]},"23":{"type":"branch","line":100,"loc":{"start":{"line":100,"column":-1},"end":{"line":101,"column":3}},"locations":[{"start":{"line":100,"column":-1},"end":{"line":101,"column":3}}]},"24":{"type":"branch","line":108,"loc":{"start":{"line":108,"column":30},"end":{"line":121,"column":5}},"locations":[{"start":{"line":108,"column":30},"end":{"line":121,"column":5}}]},"25":{"type":"branch","line":118,"loc":{"start":{"line":118,"column":10},"end":{"line":121,"column":3}},"locations":[{"start":{"line":118,"column":10},"end":{"line":121,"column":3}}]},"26":{"type":"branch","line":119,"loc":{"start":{"line":119,"column":12},"end":{"line":119,"column":14}},"locations":[{"start":{"line":119,"column":12},"end":{"line":119,"column":14}}]},"27":{"type":"branch","line":120,"loc":{"start":{"line":120,"column":-1},"end":{"line":121,"column":3}},"locations":[{"start":{"line":120,"column":-1},"end":{"line":121,"column":3}}]},"28":{"type":"branch","line":147,"loc":{"start":{"line":147,"column":31},"end":{"line":159,"column":7}},"locations":[{"start":{"line":147,"column":31},"end":{"line":159,"column":7}}]},"29":{"type":"branch","line":155,"loc":{"start":{"line":155,"column":10},"end":{"line":155,"column":32}},"locations":[{"start":{"line":155,"column":10},"end":{"line":155,"column":32}}]},"30":{"type":"branch","line":156,"loc":{"start":{"line":156,"column":10},"end":{"line":159,"column":5}},"locations":[{"start":{"line":156,"column":10},"end":{"line":159,"column":5}}]},"31":{"type":"branch","line":157,"loc":{"start":{"line":157,"column":14},"end":{"line":157,"column":16}},"locations":[{"start":{"line":157,"column":14},"end":{"line":157,"column":16}}]},"32":{"type":"branch","line":158,"loc":{"start":{"line":158,"column":-1},"end":{"line":159,"column":5}},"locations":[{"start":{"line":158,"column":-1},"end":{"line":159,"column":5}}]},"33":{"type":"branch","line":166,"loc":{"start":{"line":166,"column":28},"end":{"line":178,"column":7}},"locations":[{"start":{"line":166,"column":28},"end":{"line":178,"column":7}}]},"34":{"type":"branch","line":174,"loc":{"start":{"line":174,"column":10},"end":{"line":174,"column":32}},"locations":[{"start":{"line":174,"column":10},"end":{"line":174,"column":32}}]},"35":{"type":"branch","line":175,"loc":{"start":{"line":175,"column":10},"end":{"line":178,"column":5}},"locations":[{"start":{"line":175,"column":10},"end":{"line":178,"column":5}}]},"36":{"type":"branch","line":176,"loc":{"start":{"line":176,"column":14},"end":{"line":176,"column":16}},"locations":[{"start":{"line":176,"column":14},"end":{"line":176,"column":16}}]},"37":{"type":"branch","line":177,"loc":{"start":{"line":177,"column":-1},"end":{"line":178,"column":5}},"locations":[{"start":{"line":177,"column":-1},"end":{"line":178,"column":5}}]},"38":{"type":"branch","line":210,"loc":{"start":{"line":210,"column":26},"end":{"line":215,"column":5}},"locations":[{"start":{"line":210,"column":26},"end":{"line":215,"column":5}}]},"39":{"type":"branch","line":217,"loc":{"start":{"line":217,"column":29},"end":{"line":225,"column":5}},"locations":[{"start":{"line":217,"column":29},"end":{"line":225,"column":5}}]},"40":{"type":"branch","line":227,"loc":{"start":{"line":227,"column":25},"end":{"line":236,"column":60}},"locations":[{"start":{"line":227,"column":25},"end":{"line":236,"column":60}}]},"41":{"type":"branch","line":236,"loc":{"start":{"line":236,"column":10},"end":{"line":236,"column":32}},"locations":[{"start":{"line":236,"column":10},"end":{"line":236,"column":32}}]}},"b":{"0":[18],"1":[9],"2":[9],"3":[9],"4":[8],"5":[8],"6":[8],"7":[0],"8":[0],"9":[4],"10":[2],"11":[2],"12":[1],"13":[0],"14":[0],"15":[2],"16":[2],"17":[1],"18":[0],"19":[0],"20":[2],"21":[1],"22":[0],"23":[0],"24":[2],"25":[1],"26":[0],"27":[0],"28":[2],"29":[2],"30":[1],"31":[0],"32":[0],"33":[2],"34":[2],"35":[1],"36":[0],"37":[0],"38":[2],"39":[2],"40":[2],"41":[2]},"fnMap":{"0":{"name":"checkResponse","decl":{"start":{"line":6,"column":22},"end":{"line":7,"column":70}},"loc":{"start":{"line":6,"column":22},"end":{"line":7,"column":70}},"line":6},"1":{"name":"refreshToken","decl":{"start":{"line":18,"column":28},"end":{"line":36,"column":7}},"loc":{"start":{"line":18,"column":28},"end":{"line":36,"column":7}},"line":18},"2":{"name":"fetchWithRefresh","decl":{"start":{"line":38,"column":32},"end":{"line":59,"column":2}},"loc":{"start":{"line":38,"column":32},"end":{"line":59,"column":2}},"line":38},"3":{"name":"getIngredientsApi","decl":{"start":{"line":75,"column":33},"end":{"line":81,"column":7}},"loc":{"start":{"line":75,"column":33},"end":{"line":81,"column":7}},"line":75},"4":{"name":"getFeedsApi","decl":{"start":{"line":83,"column":27},"end":{"line":89,"column":7}},"loc":{"start":{"line":83,"column":27},"end":{"line":89,"column":7}},"line":83},"5":{"name":"getOrdersApi","decl":{"start":{"line":91,"column":28},"end":{"line":101,"column":5}},"loc":{"start":{"line":91,"column":28},"end":{"line":101,"column":5}},"line":91},"6":{"name":"orderBurgerApi","decl":{"start":{"line":108,"column":30},"end":{"line":121,"column":5}},"loc":{"start":{"line":108,"column":30},"end":{"line":121,"column":5}},"line":108},"7":{"name":"getOrderByNumberApi","decl":{"start":{"line":127,"column":35},"end":{"line":133,"column":55}},"loc":{"start":{"line":127,"column":35},"end":{"line":133,"column":55}},"line":127},"8":{"name":"registerUserApi","decl":{"start":{"line":147,"column":31},"end":{"line":159,"column":7}},"loc":{"start":{"line":147,"column":31},"end":{"line":159,"column":7}},"line":147},"9":{"name":"loginUserApi","decl":{"start":{"line":166,"column":28},"end":{"line":178,"column":7}},"loc":{"start":{"line":166,"column":28},"end":{"line":178,"column":7}},"line":166},"10":{"name":"forgotPasswordApi","decl":{"start":{"line":180,"column":33},"end":{"line":192,"column":7}},"loc":{"start":{"line":180,"column":33},"end":{"line":192,"column":7}},"line":180},"11":{"name":"resetPasswordApi","decl":{"start":{"line":194,"column":32},"end":{"line":206,"column":7}},"loc":{"start":{"line":194,"column":32},"end":{"line":206,"column":7}},"line":194},"12":{"name":"getUserApi","decl":{"start":{"line":210,"column":26},"end":{"line":215,"column":5}},"loc":{"start":{"line":210,"column":26},"end":{"line":215,"column":5}},"line":210},"13":{"name":"updateUserApi","decl":{"start":{"line":217,"column":29},"end":{"line":225,"column":5}},"loc":{"start":{"line":217,"column":29},"end":{"line":225,"column":5}},"line":217},"14":{"name":"logoutApi","decl":{"start":{"line":227,"column":25},"end":{"line":236,"column":60}},"loc":{"start":{"line":227,"column":25},"end":{"line":236,"column":60}},"line":227}},"f":{"0":18,"1":0,"2":8,"3":2,"4":2,"5":2,"6":2,"7":0,"8":2,"9":2,"10":0,"11":0,"12":2,"13":2,"14":2}}
,"C:\\Users\\Василий\\dev\\stellar-burgers\\src\\utils\\cookie.ts": {"path":"C:\\Users\\Василий\\dev\\stellar-burgers\\src\\utils\\cookie.ts","all":false,"statementMap":{"0":{"start":{"line":1,"column":0},"end":{"line":1,"column":61}},"1":{"start":{"line":2,"column":0},"end":{"line":2,"column":40}},"2":{"start":{"line":3,"column":0},"end":{"line":3,"column":15}},"3":{"start":{"line":4,"column":0},"end":{"line":4,"column":18}},"4":{"start":{"line":5,"column":0},"end":{"line":5,"column":53}},"5":{"start":{"line":6,"column":0},"end":{"line":6,"column":62}},"6":{"start":{"line":7,"column":0},"end":{"line":7,"column":18}},"7":{"start":{"line":8,"column":0},"end":{"line":8,"column":5}},"8":{"start":{"line":9,"column":0},"end":{"line":9,"column":4}},"9":{"start":{"line":10,"column":0},"end":{"line":10,"column":62}},"10":{"start":{"line":11,"column":0},"end":{"line":11,"column":1}},"11":{"start":{"line":12,"column":0},"end":{"line":12,"column":0}},"12":{"start":{"line":13,"column":0},"end":{"line":13,"column":26}},"13":{"start":{"line":14,"column":0},"end":{"line":14,"column":15}},"14":{"start":{"line":15,"column":0},"end":{"line":15,"column":16}},"15":{"start":{"line":16,"column":0},"end":{"line":16,"column":65}},"16":{"start":{"line":17,"column":0},"end":{"line":17,"column":3}},"17":{"start":{"line":18,"column":0},"end":{"line":18,"column":11}},"18":{"start":{"line":19,"column":0},"end":{"line":19,"column":14}},"19":{"start":{"line":20,"column":0},"end":{"line":20,"column":12}},"20":{"start":{"line":21,"column":0},"end":{"line":21,"column":4}},"21":{"start":{"line":22,"column":0},"end":{"line":22,"column":0}},"22":{"start":{"line":23,"column":0},"end":{"line":23,"column":26}},"23":{"start":{"line":24,"column":0},"end":{"line":24,"column":39}},"24":{"start":{"line":25,"column":0},"end":{"line":25,"column":25}},"25":{"start":{"line":26,"column":0},"end":{"line":26,"column":40}},"26":{"start":{"line":27,"column":0},"end":{"line":27,"column":28}},"27":{"start":{"line":28,"column":0},"end":{"line":28,"column":3}},"28":{"start":{"line":29,"column":0},"end":{"line":29,"column":0}},"29":{"start":{"line":30,"column":0},"end":{"line":30,"column":35}},"30":{"start":{"line":31,"column":0},"end":{"line":31,"column":38}},"31":{"start":{"line":32,"column":0},"end":{"line":32,"column":3}},"32":{"start":{"line":33,"column":0},"end":{"line":33,"column":36}},"33":{"start":{"line":34,"column":0},"end":{"line":34,"column":41}},"34":{"start":{"line":35,"column":0},"end":{"line":35,"column":33}},"35":{"start":{"line":36,"column":0},"end":{"line":36,"column":37}},"36":{"start":{"line":37,"column":0},"end":{"line":37,"column":38}},"37":{"start":{"line":38,"column":0},"end":{"line":38,"column":29}},"38":{"start":{"line":39,"column":0},"end":{"line":39,"column":39}},"39":{"start":{"line":40,"column":0},"end":{"line":40,"column":5}},"40":{"start":{"line":41,"column":0},"end":{"line":41,"column":3}},"41":{"start":{"line":42,"column":0},"end":{"line":42,"column":34}},"42":{"start":{"line":43,"column":0},"end":{"line":43,"column":1}},"43":{"start":{"line":44,"column":0},"end":{"line":44,"column":0}},"44":{"start":{"line":45,"column":0},"end":{"line":45,"column":44}},"45":{"start":{"line":46,"column":0},"end":{"line":46,"column":39}},"46":{"start":{"line":47,"column":0},"end":{"line":47,"column":1}}},"s":{"0":8,"1":8,"2":8,"3":8,"4":8,"5":8,"6":8,"7":8,"8":8,"9":8,"10":8,"11":1,"12":2,"13":2,"14":2,"15":2,"16":2,"17":2,"18":2,"19":2,"20":2,"21":2,"22":2,"23":2,"24":1,"25":1,"26":1,"27":1,"28":2,"29":2,"30":1,"31":1,"32":2,"33":2,"34":2,"35":3,"36":3,"37":3,"38":3,"39":3,"40":3,"41":2,"42":2,"43":1,"44":1,"45":1,"46":1},"branchMap":{"0":{"type":"branch","line":1,"loc":{"start":{"line":1,"column":0},"end":{"line":11,"column":1}},"locations":[{"start":{"line":1,"column":0},"end":{"line":11,"column":1}}]},"1":{"type":"branch","line":10,"loc":{"start":{"line":10,"column":17},"end":{"line":10,"column":49}},"locations":[{"start":{"line":10,"column":17},"end":{"line":10,"column":49}}]},"2":{"type":"branch","line":13,"loc":{"start":{"line":13,"column":0},"end":{"line":43,"column":1}},"locations":[{"start":{"line":13,"column":0},"end":{"line":43,"column":1}}]},"3":{"type":"branch","line":16,"loc":{"start":{"line":16,"column":2},"end":{"line":16,"column":65}},"locations":[{"start":{"line":16,"column":2},"end":{"line":16,"column":65}}]},"4":{"type":"branch","line":24,"loc":{"start":{"line":24,"column":9},"end":{"line":24,"column":36}},"locations":[{"start":{"line":24,"column":9},"end":{"line":24,"column":36}}]},"5":{"type":"branch","line":24,"loc":{"start":{"line":24,"column":38},"end":{"line":28,"column":3}},"locations":[{"start":{"line":24,"column":38},"end":{"line":28,"column":3}}]},"6":{"type":"branch","line":30,"loc":{"start":{"line":30,"column":9},"end":{"line":30,"column":32}},"locations":[{"start":{"line":30,"column":9},"end":{"line":30,"column":32}}]},"7":{"type":"branch","line":30,"loc":{"start":{"line":30,"column":34},"end":{"line":32,"column":3}},"locations":[{"start":{"line":30,"column":34},"end":{"line":32,"column":3}}]},"8":{"type":"branch","line":35,"loc":{"start":{"line":35,"column":32},"end":{"line":41,"column":3}},"locations":[{"start":{"line":35,"column":32},"end":{"line":41,"column":3}}]},"9":{"type":"branch","line":45,"loc":{"start":{"line":45,"column":0},"end":{"line":47,"column":1}},"locations":[{"start":{"line":45,"column":0},"end":{"line":47,"column":1}}]}},"b":{"0":[8],"1":[0],"2":[2],"3":[1],"4":[1],"5":[1],"6":[1],"7":[1],"8":[3],"9":[1]},"fnMap":{"0":{"name":"getCookie","decl":{"start":{"line":1,"column":0},"end":{"line":11,"column":1}},"loc":{"start":{"line":1,"column":0},"end":{"line":11,"column":1}},"line":1},"1":{"name":"setCookie","decl":{"start":{"line":13,"column":0},"end":{"line":43,"column":1}},"loc":{"start":{"line":13,"column":0},"end":{"line":43,"column":1}},"line":13},"2":{"name":"deleteCookie","decl":{"start":{"line":45,"column":0},"end":{"line":47,"column":1}},"loc":{"start":{"line":45,"column":0},"end":{"line":47,"column":1}},"line":45}},"f":{"0":8,"1":2,"2":1}}
}
