TN:
SF:src\services\slices\feedsSlice.ts
FN:30,extraReducers
FN:50,selectOrders
FN:51,selectIsLoadingFeeds
FN:52,selectTotal
FN:53,selectTotalToday
FNF:5
FNH:5
FNDA:4,extraReducers
FNDA:1,selectOrders
FNDA:1,selectIsLoadingFeeds
FNDA:1,selectTotal
FNDA:1,selectTotalToday
DA:1,1
DA:2,1
DA:3,1
DA:4,1
DA:5,1
DA:6,1
DA:7,1
DA:8,1
DA:9,1
DA:10,1
DA:11,1
DA:12,1
DA:13,1
DA:14,1
DA:15,1
DA:16,1
DA:17,1
DA:18,1
DA:19,1
DA:20,1
DA:21,1
DA:22,2
DA:23,2
DA:24,1
DA:25,1
DA:26,1
DA:27,1
DA:28,1
DA:29,1
DA:30,1
DA:31,4
DA:32,4
DA:33,2
DA:34,2
DA:35,4
DA:36,4
DA:37,1
DA:38,1
DA:39,1
DA:40,4
DA:41,4
DA:42,1
DA:43,1
DA:44,1
DA:45,1
DA:46,1
DA:47,4
DA:48,1
DA:49,1
DA:50,1
DA:51,1
DA:52,1
DA:53,1
DA:54,1
DA:55,1
DA:56,1
DA:57,1
DA:58,1
DA:59,1
DA:60,1
DA:61,1
DA:62,1
DA:63,1
LF:63
LH:63
BRDA:21,0,0,2
BRDA:21,1,0,2
BRDA:22,2,0,2
BRDA:30,3,0,4
BRDA:32,4,0,2
BRDA:36,5,0,1
BRDA:41,6,0,1
BRDA:50,7,0,1
BRDA:51,8,0,1
BRDA:52,9,0,1
BRDA:53,10,0,1
BRF:11
BRH:11
end_of_record
TN:
SF:src\services\slices\ingredientsSlice.ts
FN:29,extraReducers
FN:45,selectIngredients
FN:46,selectIsLoadingIngredients
FNF:3
FNH:3
FNDA:4,extraReducers
FNDA:1,selectIngredients
FNDA:1,selectIsLoadingIngredients
DA:1,1
DA:2,1
DA:3,1
DA:4,1
DA:5,1
DA:6,1
DA:7,1
DA:8,1
DA:9,1
DA:10,1
DA:11,1
DA:12,1
DA:13,1
DA:14,1
DA:15,1
DA:16,1
DA:17,1
DA:18,1
DA:19,1
DA:20,2
DA:21,2
DA:22,2
DA:23,1
DA:24,1
DA:25,1
DA:26,1
DA:27,1
DA:28,1
DA:29,1
DA:30,4
DA:31,4
DA:32,2
DA:33,2
DA:34,4
DA:35,4
DA:36,1
DA:37,1
DA:38,4
DA:39,4
DA:40,1
DA:41,1
DA:42,4
DA:43,1
DA:44,1
DA:45,1
DA:46,1
DA:47,1
DA:48,1
DA:49,1
DA:50,1
DA:51,1
DA:52,1
LF:52
LH:52
BRDA:19,0,0,2
BRDA:19,1,0,2
BRDA:20,2,0,2
BRDA:29,3,0,4
BRDA:31,4,0,2
BRDA:35,5,0,1
BRDA:39,6,0,1
BRDA:45,7,0,1
BRDA:46,8,0,1
BRF:9
BRH:9
end_of_record
TN:
SF:src\services\slices\ordersSlice.tsx
FN:46,addBunInOrder
FN:49,addIngredientInOrder
FN:56,downIngredientInOrder
FN:68,upIngredientInOrder
FN:80,removeIngredientInOrder
FN:86,resetOrder
FN:88,extraReducers
FN:116,selectUserOrders
FN:117,selectConstructorItems
FN:118,selectOrderModalData
FN:119,selectOrderRequest
FN:120,selectIsOrdersLoading
FNF:12
FNH:11
FNDA:1,addBunInOrder
FNDA:3,addIngredientInOrder
FNDA:1,downIngredientInOrder
FNDA:1,upIngredientInOrder
FNDA:0,removeIngredientInOrder
FNDA:1,resetOrder
FNDA:4,extraReducers
FNDA:1,selectUserOrders
FNDA:1,selectConstructorItems
FNDA:1,selectOrderModalData
FNDA:1,selectOrderRequest
FNDA:1,selectIsOrdersLoading
DA:1,1
DA:2,1
DA:3,1
DA:4,1
DA:5,1
DA:6,1
DA:7,1
DA:8,1
DA:9,1
DA:10,1
DA:11,1
DA:12,1
DA:13,1
DA:14,1
DA:15,1
DA:16,1
DA:17,1
DA:18,1
DA:19,1
DA:20,1
DA:21,1
DA:22,1
DA:23,1
DA:24,1
DA:25,1
DA:26,1
DA:27,1
DA:28,1
DA:29,1
DA:30,2
DA:31,2
DA:32,1
DA:33,1
DA:34,1
DA:35,1
DA:36,1
DA:37,2
DA:38,2
DA:39,2
DA:40,1
DA:41,1
DA:42,1
DA:43,1
DA:44,1
DA:45,1
DA:46,1
DA:47,1
DA:48,1
DA:49,1
DA:50,3
DA:51,3
DA:52,3
DA:53,3
DA:54,3
DA:55,1
DA:56,1
DA:57,1
DA:58,1
DA:59,1
DA:60,1
DA:61,1
DA:62,1
DA:63,1
DA:64,1
DA:65,1
DA:66,1
DA:67,1
DA:68,1
DA:69,1
DA:70,1
DA:71,1
DA:72,1
DA:73,1
DA:74,1
DA:75,1
DA:76,1
DA:77,1
DA:78,1
DA:79,1
DA:80,1
DA:81,0
DA:82,0
DA:83,0
DA:84,0
DA:85,1
DA:86,1
DA:87,1
DA:88,1
DA:89,4
DA:90,4
DA:91,2
DA:92,2
DA:93,4
DA:94,4
DA:95,1
DA:96,1
DA:97,4
DA:98,4
DA:99,1
DA:100,1
DA:101,4
DA:102,4
DA:103,2
DA:104,2
DA:105,4
DA:106,4
DA:107,1
DA:108,1
DA:109,4
DA:110,4
DA:111,1
DA:112,1
DA:113,4
DA:114,1
DA:115,1
DA:116,1
DA:117,1
DA:118,1
DA:119,1
DA:120,1
DA:121,1
DA:122,1
DA:123,1
DA:124,1
DA:125,1
DA:126,1
DA:127,1
DA:128,1
DA:129,1
DA:130,1
DA:131,1
DA:132,1
DA:133,1
DA:134,1
DA:135,1
DA:136,1
DA:137,1
DA:138,1
DA:139,1
DA:140,1
LF:140
LH:136
BRDA:29,0,0,2
BRDA:29,1,0,2
BRDA:30,2,0,2
BRDA:36,3,0,2
BRDA:36,4,0,2
BRDA:37,5,0,2
BRDA:46,6,0,1
BRDA:49,7,0,3
BRDA:56,8,0,1
BRDA:68,9,0,1
BRDA:86,10,0,1
BRDA:88,11,0,4
BRDA:90,12,0,2
BRDA:94,13,0,1
BRDA:98,14,0,1
BRDA:102,15,0,2
BRDA:106,16,0,1
BRDA:110,17,0,1
BRDA:116,18,0,1
BRDA:117,19,0,1
BRDA:118,20,0,1
BRDA:119,21,0,1
BRDA:120,22,0,1
BRF:23
BRH:23
end_of_record
TN:
SF:src\services\slices\userSlice.ts
FN:74,resetUserState
FN:76,extraReducers
FN:146,selectUser
FN:147,selectIsLoadingUser
FN:148,selectIsAuthChecked
FN:149,selectIsSuccessRegistration
FN:150,selectIsAuthenticated
FNF:7
FNH:7
FNDA:5,resetUserState
FNDA:4,extraReducers
FNDA:1,selectUser
FNDA:1,selectIsLoadingUser
FNDA:1,selectIsAuthChecked
FNDA:1,selectIsSuccessRegistration
FNDA:1,selectIsAuthenticated
DA:1,1
DA:2,1
DA:3,1
DA:4,1
DA:5,1
DA:6,1
DA:7,1
DA:8,1
DA:9,1
DA:10,1
DA:11,1
DA:12,1
DA:13,1
DA:14,1
DA:15,1
DA:16,1
DA:17,1
DA:18,1
DA:19,1
DA:20,1
DA:21,1
DA:22,1
DA:23,1
DA:24,1
DA:25,1
DA:26,1
DA:27,1
DA:28,1
DA:29,1
DA:30,1
DA:31,1
DA:32,1
DA:33,1
DA:34,1
DA:35,2
DA:36,2
DA:37,2
DA:38,1
DA:39,1
DA:40,1
DA:41,1
DA:42,1
DA:43,2
DA:44,2
DA:45,2
DA:46,2
DA:47,2
DA:48,1
DA:49,1
DA:50,1
DA:51,2
DA:52,2
DA:53,2
DA:54,2
DA:55,1
DA:56,1
DA:57,1
DA:58,2
DA:59,2
DA:60,1
DA:61,1
DA:62,1
DA:63,1
DA:64,1
DA:65,2
DA:66,2
DA:67,2
DA:68,1
DA:69,1
DA:70,1
DA:71,1
DA:72,1
DA:73,1
DA:74,1
DA:75,1
DA:76,1
DA:77,4
DA:78,4
DA:79,2
DA:80,2
DA:81,2
DA:82,4
DA:83,4
DA:84,1
DA:85,1
DA:86,4
DA:87,4
DA:88,1
DA:89,1
DA:90,4
DA:91,4
DA:92,2
DA:93,2
DA:94,4
DA:95,4
DA:96,1
DA:97,1
DA:98,1
DA:99,4
DA:100,4
DA:101,1
DA:102,1
DA:103,1
DA:104,1
DA:105,4
DA:106,4
DA:107,2
DA:108,2
DA:109,4
DA:110,4
DA:111,1
DA:112,1
DA:113,4
DA:114,4
DA:115,1
DA:116,1
DA:117,1
DA:118,4
DA:119,4
DA:120,2
DA:121,2
DA:122,4
DA:123,4
DA:124,1
DA:125,1
DA:126,4
DA:127,4
DA:128,1
DA:129,1
DA:130,4
DA:131,4
DA:132,2
DA:133,2
DA:134,4
DA:135,4
DA:136,1
DA:137,1
DA:138,4
DA:139,4
DA:140,1
DA:141,1
DA:142,1
DA:143,4
DA:144,1
DA:145,1
DA:146,1
DA:147,1
DA:148,1
DA:149,1
DA:150,1
DA:151,1
DA:152,1
DA:153,1
DA:154,1
DA:155,1
DA:156,1
DA:157,1
DA:158,1
DA:159,1
DA:160,1
DA:161,1
DA:162,1
DA:163,1
LF:163
LH:163
BRDA:34,0,0,2
BRDA:34,1,0,2
BRDA:35,2,0,2
BRDA:42,3,0,2
BRDA:42,4,0,2
BRDA:43,5,0,2
BRDA:50,6,0,2
BRDA:50,7,0,2
BRDA:51,8,0,2
BRDA:57,9,0,2
BRDA:57,10,0,2
BRDA:58,11,0,2
BRDA:64,12,0,2
BRDA:64,13,0,2
BRDA:65,14,0,2
BRDA:74,15,0,5
BRDA:76,16,0,4
BRDA:78,17,0,2
BRDA:83,18,0,1
BRDA:87,19,0,1
BRDA:91,20,0,2
BRDA:95,21,0,1
BRDA:100,22,0,1
BRDA:106,23,0,2
BRDA:110,24,0,1
BRDA:114,25,0,1
BRDA:119,26,0,2
BRDA:123,27,0,1
BRDA:127,28,0,1
BRDA:131,29,0,2
BRDA:135,30,0,1
BRDA:139,31,0,1
BRDA:146,32,0,1
BRDA:147,33,0,1
BRDA:148,34,0,1
BRDA:149,35,0,1
BRDA:150,36,0,1
BRF:37
BRH:37
end_of_record
TN:
SF:src\services\store\store.ts
FN:28,useDispatch
FNF:1
FNH:0
FNDA:0,useDispatch
DA:1,1
DA:2,1
DA:3,1
DA:4,1
DA:5,1
DA:6,1
DA:7,1
DA:8,1
DA:9,1
DA:10,1
DA:11,1
DA:12,1
DA:13,1
DA:14,1
DA:15,1
DA:16,1
DA:17,1
DA:18,1
DA:19,1
DA:20,1
DA:21,1
DA:22,1
DA:23,1
DA:24,1
DA:25,1
DA:26,1
DA:27,1
DA:28,1
DA:29,1
DA:30,1
DA:31,1
LF:31
LH:31
BRF:0
BRH:0
end_of_record
TN:
SF:src\services\tests\store.mock.ts
FNF:0
FNH:0
DA:1,1
DA:2,1
DA:3,1
DA:4,1
DA:5,1
DA:6,1
LF:6
LH:6
BRF:0
BRH:0
end_of_record
TN:
SF:src\utils\burger-api.ts
FN:6,checkResponse
FN:18,refreshToken
FN:38,fetchWithRefresh
FN:75,getIngredientsApi
FN:83,getFeedsApi
FN:91,getOrdersApi
FN:108,orderBurgerApi
FN:127,getOrderByNumberApi
FN:147,registerUserApi
FN:166,loginUserApi
FN:180,forgotPasswordApi
FN:194,resetPasswordApi
FN:210,getUserApi
FN:217,updateUserApi
FN:227,logoutApi
FNF:15
FNH:11
FNDA:18,checkResponse
FNDA:0,refreshToken
FNDA:8,fetchWithRefresh
FNDA:2,getIngredientsApi
FNDA:2,getFeedsApi
FNDA:2,getOrdersApi
FNDA:2,orderBurgerApi
FNDA:0,getOrderByNumberApi
FNDA:2,registerUserApi
FNDA:2,loginUserApi
FNDA:0,forgotPasswordApi
FNDA:0,resetPasswordApi
FNDA:2,getUserApi
FNDA:2,updateUserApi
FNDA:2,logoutApi
DA:1,1
DA:2,1
DA:3,1
DA:4,1
DA:5,1
DA:6,1
DA:7,18
DA:8,1
DA:9,1
DA:10,1
DA:11,1
DA:12,1
DA:13,1
DA:14,1
DA:15,1
DA:16,1
DA:17,1
DA:18,1
DA:19,0
DA:20,0
DA:21,0
DA:22,0
DA:23,0
DA:24,0
DA:25,0
DA:26,0
DA:27,0
DA:28,0
DA:29,0
DA:30,0
DA:31,0
DA:32,0
DA:33,0
DA:34,0
DA:35,0
DA:36,0
DA:37,1
DA:38,1
DA:39,8
DA:40,8
DA:41,8
DA:42,8
DA:43,8
DA:44,8
DA:45,8
DA:46,8
DA:47,8
DA:48,0
DA:49,8
DA:50,8
DA:51,8
DA:52,8
DA:53,8
DA:54,8
DA:55,8
DA:56,8
DA:57,8
DA:58,8
DA:59,8
DA:60,1
DA:61,1
DA:62,1
DA:63,1
DA:64,1
DA:65,1
DA:66,1
DA:67,1
DA:68,1
DA:69,1
DA:70,1
DA:71,1
DA:72,1
DA:73,1
DA:74,1
DA:75,1
DA:76,2
DA:77,2
DA:78,2
DA:79,1
DA:80,0
DA:81,2
DA:82,1
DA:83,1
DA:84,2
DA:85,2
DA:86,2
DA:87,1
DA:88,0
DA:89,2
DA:90,1
DA:91,1
DA:92,2
DA:93,2
DA:94,2
DA:95,2
DA:96,2
DA:97,2
DA:98,2
DA:99,1
DA:100,0
DA:101,2
DA:102,1
DA:103,1
DA:104,1
DA:105,1
DA:106,1
DA:107,1
DA:108,1
DA:109,2
DA:110,2
DA:111,2
DA:112,2
DA:113,2
DA:114,2
DA:115,2
DA:116,2
DA:117,2
DA:118,2
DA:119,1
DA:120,0
DA:121,2
DA:122,1
DA:123,1
DA:124,1
DA:125,1
DA:126,1
DA:127,1
DA:128,0
DA:129,0
DA:130,0
DA:131,0
DA:132,0
DA:133,0
DA:134,1
DA:135,1
DA:136,1
DA:137,1
DA:138,1
DA:139,1
DA:140,1
DA:141,1
DA:142,1
DA:143,1
DA:144,1
DA:145,1
DA:146,1
DA:147,1
DA:148,2
DA:149,2
DA:150,2
DA:151,2
DA:152,2
DA:153,2
DA:154,2
DA:155,2
DA:156,2
DA:157,1
DA:158,0
DA:159,2
DA:160,1
DA:161,1
DA:162,1
DA:163,1
DA:164,1
DA:165,1
DA:166,1
DA:167,2
DA:168,2
DA:169,2
DA:170,2
DA:171,2
DA:172,2
DA:173,2
DA:174,2
DA:175,2
DA:176,1
DA:177,0
DA:178,2
DA:179,1
DA:180,1
DA:181,0
DA:182,0
DA:183,0
DA:184,0
DA:185,0
DA:186,0
DA:187,0
DA:188,0
DA:189,0
DA:190,0
DA:191,0
DA:192,0
DA:193,1
DA:194,1
DA:195,0
DA:196,0
DA:197,0
DA:198,0
DA:199,0
DA:200,0
DA:201,0
DA:202,0
DA:203,0
DA:204,0
DA:205,0
DA:206,0
DA:207,1
DA:208,1
DA:209,1
DA:210,1
DA:211,2
DA:212,2
DA:213,2
DA:214,2
DA:215,2
DA:216,1
DA:217,1
DA:218,2
DA:219,2
DA:220,2
DA:221,2
DA:222,2
DA:223,2
DA:224,2
DA:225,2
DA:226,1
DA:227,1
DA:228,2
DA:229,2
DA:230,2
DA:231,2
DA:232,2
DA:233,2
DA:234,2
DA:235,2
DA:236,2
LF:236
LH:181
BRDA:6,0,0,18
BRDA:7,1,0,9
BRDA:7,2,0,9
BRDA:7,3,0,9
BRDA:38,4,0,8
BRDA:41,5,0,8
BRDA:45,6,0,8
BRDA:47,7,0,0
BRDA:54,8,0,0
BRDA:56,9,0,4
BRDA:75,10,0,2
BRDA:77,11,0,2
BRDA:78,12,0,1
BRDA:79,13,0,0
BRDA:80,14,0,0
BRDA:83,15,0,2
BRDA:85,16,0,2
BRDA:86,17,0,1
BRDA:87,18,0,0
BRDA:88,19,0,0
BRDA:91,20,0,2
BRDA:98,21,0,1
BRDA:99,22,0,0
BRDA:100,23,0,0
BRDA:108,24,0,2
BRDA:118,25,0,1
BRDA:119,26,0,0
BRDA:120,27,0,0
BRDA:147,28,0,2
BRDA:155,29,0,2
BRDA:156,30,0,1
BRDA:157,31,0,0
BRDA:158,32,0,0
BRDA:166,33,0,2
BRDA:174,34,0,2
BRDA:175,35,0,1
BRDA:176,36,0,0
BRDA:177,37,0,0
BRDA:210,38,0,2
BRDA:217,39,0,2
BRDA:227,40,0,2
BRDA:236,41,0,2
BRF:42
BRH:28
end_of_record
TN:
SF:src\utils\cookie.ts
FN:1,getCookie
FN:13,setCookie
FN:45,deleteCookie
FNF:3
FNH:3
FNDA:8,getCookie
FNDA:2,setCookie
FNDA:1,deleteCookie
DA:1,8
DA:2,8
DA:3,8
DA:4,8
DA:5,8
DA:6,8
DA:7,8
DA:8,8
DA:9,8
DA:10,8
DA:11,8
DA:12,1
DA:13,2
DA:14,2
DA:15,2
DA:16,2
DA:17,2
DA:18,2
DA:19,2
DA:20,2
DA:21,2
DA:22,2
DA:23,2
DA:24,2
DA:25,1
DA:26,1
DA:27,1
DA:28,1
DA:29,2
DA:30,2
DA:31,1
DA:32,1
DA:33,2
DA:34,2
DA:35,2
DA:36,3
DA:37,3
DA:38,3
DA:39,3
DA:40,3
DA:41,3
DA:42,2
DA:43,2
DA:44,1
DA:45,1
DA:46,1
DA:47,1
LF:47
LH:47
BRDA:1,0,0,8
BRDA:10,1,0,0
BRDA:13,2,0,2
BRDA:16,3,0,1
BRDA:24,4,0,1
BRDA:24,5,0,1
BRDA:30,6,0,1
BRDA:30,7,0,1
BRDA:35,8,0,3
BRDA:45,9,0,1
BRF:10
BRH:9
end_of_record
